{
  "/Users/eryue0220/cin/eryue/css/postcss-go/packages/postcss-go-wasm/src/index.ts": {
    "path": "/Users/eryue0220/cin/eryue/css/postcss-go/packages/postcss-go-wasm/src/index.ts",
    "all": false,
    "statementMap": {
      "0": { "start": { "line": 1, "column": 0 }, "end": { "line": 1, "column": 8 } },
      "5": { "start": { "line": 6, "column": 0 }, "end": { "line": 6, "column": 90 } }
    },
    "s": { "0": 1, "5": 1 },
    "branchMap": {},
    "b": {},
    "fnMap": {},
    "f": {}
  }
}
