<?xml version="1.0" encoding="UTF-8"?>
<coverage generated="1781199708131" clover="3.2.0">
  <project timestamp="1781199708131" name="All files">
    <metrics statements="259" coveredstatements="236" conditionals="65" coveredconditionals="49" methods="24" coveredmethods="23" elements="348" coveredelements="308" complexity="0" loc="259" ncloc="259" packages="1" files="5" classes="5"/>
    <file name="browser.ts" path="/Users/eryue0220/cin/eryue/css/postcss-go/packages/postcss-go/src/browser.ts">
      <metrics statements="25" coveredstatements="25" conditionals="6" coveredconditionals="6" methods="6" coveredmethods="6"/>
      <line num="1" count="1" type="stmt"/>
      <line num="9" count="1" type="stmt"/>
      <line num="10" count="1" type="cond" truecount="1" falsecount="0"/>
      <line num="11" count="1" type="stmt"/>
      <line num="13" count="1" type="cond" truecount="1" falsecount="0"/>
      <line num="14" count="1" type="stmt"/>
      <line num="15" count="1" type="stmt"/>
      <line num="16" count="1" type="stmt"/>
      <line num="18" count="1" type="cond" truecount="1" falsecount="0"/>
      <line num="19" count="1" type="stmt"/>
      <line num="20" count="1" type="stmt"/>
      <line num="21" count="1" type="stmt"/>
      <line num="22" count="1" type="stmt"/>
      <line num="24" count="1" type="cond" truecount="1" falsecount="0"/>
      <line num="25" count="1" type="stmt"/>
      <line num="26" count="1" type="stmt"/>
      <line num="27" count="1" type="stmt"/>
      <line num="28" count="1" type="stmt"/>
      <line num="30" count="1" type="cond" truecount="1" falsecount="0"/>
      <line num="31" count="1" type="stmt"/>
      <line num="32" count="1" type="stmt"/>
      <line num="33" count="1" type="stmt"/>
      <line num="34" count="1" type="stmt"/>
      <line num="36" count="1" type="cond" truecount="1" falsecount="0"/>
      <line num="37" count="1" type="stmt"/>
    </file>
    <file name="index.ts" path="/Users/eryue0220/cin/eryue/css/postcss-go/packages/postcss-go/src/index.ts">
      <metrics statements="35" coveredstatements="31" conditionals="7" coveredconditionals="3" methods="3" coveredmethods="3"/>
      <line num="1" count="1" type="stmt"/>
      <line num="5" count="1" type="stmt"/>
      <line num="6" count="1" type="stmt"/>
      <line num="7" count="1" type="stmt"/>
      <line num="23" count="1" type="cond" truecount="1" falsecount="0"/>
      <line num="24" count="1" type="stmt"/>
      <line num="25" count="1" type="stmt"/>
      <line num="26" count="1" type="stmt"/>
      <line num="27" count="1" type="stmt"/>
      <line num="28" count="1" type="cond" truecount="0" falsecount="1"/>
      <line num="29" count="1" type="stmt"/>
      <line num="30" count="1" type="stmt"/>
      <line num="31" count="1" type="stmt"/>
      <line num="32" count="1" type="cond" truecount="0" falsecount="1"/>
      <line num="33" count="0" type="stmt"/>
      <line num="34" count="0" type="stmt"/>
      <line num="35" count="1" type="stmt"/>
      <line num="36" count="1" type="stmt"/>
      <line num="38" count="1" type="cond" truecount="1" falsecount="0"/>
      <line num="39" count="1" type="stmt"/>
      <line num="40" count="1" type="stmt"/>
      <line num="41" count="1" type="stmt"/>
      <line num="42" count="1" type="stmt"/>
      <line num="43" count="1" type="cond" truecount="0" falsecount="1"/>
      <line num="44" count="1" type="stmt"/>
      <line num="45" count="1" type="stmt"/>
      <line num="46" count="1" type="stmt"/>
      <line num="47" count="1" type="cond" truecount="0" falsecount="1"/>
      <line num="48" count="0" type="stmt"/>
      <line num="49" count="0" type="stmt"/>
      <line num="50" count="1" type="stmt"/>
      <line num="51" count="1" type="stmt"/>
      <line num="53" count="1" type="cond" truecount="1" falsecount="0"/>
      <line num="54" count="1" type="stmt"/>
      <line num="55" count="1" type="stmt"/>
    </file>
    <file name="node.ts" path="/Users/eryue0220/cin/eryue/css/postcss-go/packages/postcss-go/src/node.ts">
      <metrics statements="193" coveredstatements="174" conditionals="50" coveredconditionals="38" methods="13" coveredmethods="12"/>
      <line num="1" count="1" type="stmt"/>
      <line num="2" count="1" type="stmt"/>
      <line num="3" count="1" type="stmt"/>
      <line num="14" count="1" type="stmt"/>
      <line num="15" count="1" type="cond" truecount="1" falsecount="0"/>
      <line num="16" count="8" type="stmt"/>
      <line num="17" count="8" type="stmt"/>
      <line num="19" count="8" type="stmt"/>
      <line num="20" count="8" type="stmt"/>
      <line num="21" count="8" type="stmt"/>
      <line num="27" count="8" type="stmt"/>
      <line num="28" count="8" type="stmt"/>
      <line num="29" count="8" type="stmt"/>
      <line num="30" count="8" type="stmt"/>
      <line num="31" count="8" type="stmt"/>
      <line num="33" count="1" type="cond" truecount="1" falsecount="0"/>
      <line num="34" count="8" type="stmt"/>
      <line num="35" count="8" type="stmt"/>
      <line num="36" count="8" type="stmt"/>
      <line num="37" count="8" type="stmt"/>
      <line num="39" count="1" type="cond" truecount="1" falsecount="0"/>
      <line num="40" count="6" type="cond" truecount="1" falsecount="0"/>
      <line num="41" count="6" type="cond" truecount="1" falsecount="0"/>
      <line num="42" count="1" type="stmt"/>
      <line num="43" count="1" type="stmt"/>
      <line num="44" count="1" type="stmt"/>
      <line num="45" count="6" type="stmt"/>
      <line num="47" count="1" type="cond" truecount="1" falsecount="0"/>
      <line num="48" count="2" type="stmt"/>
      <line num="49" count="2" type="cond" truecount="1" falsecount="0"/>
      <line num="50" count="1" type="stmt"/>
      <line num="51" count="1" type="stmt"/>
      <line num="52" count="1" type="stmt"/>
      <line num="53" count="1" type="stmt"/>
      <line num="54" count="1" type="stmt"/>
      <line num="55" count="2" type="cond" truecount="0" falsecount="1"/>
      <line num="56" count="2" type="stmt"/>
      <line num="57" count="2" type="stmt"/>
      <line num="59" count="1" type="cond" truecount="1" falsecount="0"/>
      <line num="60" count="1" type="stmt"/>
      <line num="61" count="1" type="cond" truecount="0" falsecount="1"/>
      <line num="62" count="0" type="stmt"/>
      <line num="63" count="0" type="stmt"/>
      <line num="64" count="1" type="stmt"/>
      <line num="65" count="1" type="stmt"/>
      <line num="67" count="1" type="cond" truecount="1" falsecount="0"/>
      <line num="68" count="7" type="stmt"/>
      <line num="69" count="7" type="cond" truecount="0" falsecount="1"/>
      <line num="70" count="0" type="stmt"/>
      <line num="71" count="0" type="stmt"/>
      <line num="72" count="7" type="cond" truecount="1" falsecount="0"/>
      <line num="73" count="1" type="stmt"/>
      <line num="74" count="1" type="cond" truecount="1" falsecount="0"/>
      <line num="76" count="6" type="stmt"/>
      <line num="77" count="6" type="cond" truecount="1" falsecount="0"/>
      <line num="78" count="6" type="cond" truecount="1" falsecount="0"/>
      <line num="79" count="6" type="stmt"/>
      <line num="80" count="6" type="cond" truecount="1" falsecount="0"/>
      <line num="81" count="6" type="stmt"/>
      <line num="82" count="6" type="stmt"/>
      <line num="83" count="6" type="stmt"/>
      <line num="84" count="6" type="stmt"/>
      <line num="85" count="6" type="stmt"/>
      <line num="86" count="6" type="stmt"/>
      <line num="88" count="6" type="stmt"/>
      <line num="89" count="7" type="stmt"/>
      <line num="91" count="1" type="cond" truecount="1" falsecount="0"/>
      <line num="92" count="9" type="stmt"/>
      <line num="93" count="9" type="stmt"/>
      <line num="94" count="9" type="stmt"/>
      <line num="95" count="9" type="stmt"/>
      <line num="96" count="9" type="stmt"/>
      <line num="97" count="9" type="stmt"/>
      <line num="98" count="9" type="stmt"/>
      <line num="99" count="9" type="stmt"/>
      <line num="101" count="9" type="cond" truecount="1" falsecount="0"/>
      <line num="102" count="8" type="stmt"/>
      <line num="103" count="9" type="stmt"/>
      <line num="105" count="9" type="stmt"/>
      <line num="106" count="9" type="stmt"/>
      <line num="107" count="9" type="stmt"/>
      <line num="109" count="1" type="cond" truecount="1" falsecount="0"/>
      <line num="110" count="9" type="cond" truecount="1" falsecount="0"/>
      <line num="111" count="1" type="stmt"/>
      <line num="112" count="1" type="cond" truecount="1" falsecount="0"/>
      <line num="113" count="9" type="cond" truecount="1" falsecount="0"/>
      <line num="114" count="2" type="stmt"/>
      <line num="115" count="2" type="cond" truecount="1" falsecount="0"/>
      <line num="117" count="6" type="stmt"/>
      <line num="118" count="6" type="stmt"/>
      <line num="119" count="6" type="stmt"/>
      <line num="120" count="6" type="stmt"/>
      <line num="121" count="6" type="stmt"/>
      <line num="122" count="6" type="stmt"/>
      <line num="123" count="9" type="cond" truecount="1" falsecount="1"/>
      <line num="124" count="9" type="stmt"/>
      <line num="125" count="9" type="stmt"/>
      <line num="127" count="9" type="stmt"/>
      <line num="128" count="9" type="stmt"/>
      <line num="130" count="9" type="cond" truecount="1" falsecount="0"/>
      <line num="131" count="9" type="stmt"/>
      <line num="132" count="0" type="stmt"/>
      <line num="133" count="9" type="stmt"/>
      <line num="134" count="9" type="stmt"/>
      <line num="135" count="0" type="stmt"/>
      <line num="136" count="0" type="stmt"/>
      <line num="137" count="0" type="stmt"/>
      <line num="138" count="9" type="stmt"/>
      <line num="139" count="9" type="cond" truecount="1" falsecount="0"/>
      <line num="140" count="6" type="stmt"/>
      <line num="141" count="6" type="cond" truecount="0" falsecount="1"/>
      <line num="142" count="6" type="stmt"/>
      <line num="143" count="6" type="stmt"/>
      <line num="144" count="6" type="stmt"/>
      <line num="145" count="6" type="stmt"/>
      <line num="146" count="9" type="stmt"/>
      <line num="148" count="9" type="stmt"/>
      <line num="149" count="9" type="stmt"/>
      <line num="150" count="9" type="stmt"/>
      <line num="152" count="1" type="cond" truecount="1" falsecount="0"/>
      <line num="153" count="7" type="stmt"/>
      <line num="154" count="7" type="cond" truecount="1" falsecount="0"/>
      <line num="155" count="14" type="stmt"/>
      <line num="156" count="14" type="cond" truecount="1" falsecount="0"/>
      <line num="157" count="7" type="stmt"/>
      <line num="158" count="7" type="stmt"/>
      <line num="159" count="7" type="stmt"/>
      <line num="160" count="7" type="stmt"/>
      <line num="161" count="14" type="cond" truecount="0" falsecount="1"/>
      <line num="162" count="0" type="stmt"/>
      <line num="163" count="0" type="cond" truecount="1" falsecount="0"/>
      <line num="164" count="7" type="stmt"/>
      <line num="165" count="7" type="stmt"/>
      <line num="166" count="7" type="stmt"/>
      <line num="168" count="1" type="cond" truecount="1" falsecount="0"/>
      <line num="169" count="7" type="stmt"/>
      <line num="170" count="7" type="stmt"/>
      <line num="171" count="7" type="stmt"/>
      <line num="172" count="7" type="cond" truecount="1" falsecount="0"/>
      <line num="173" count="1" type="stmt"/>
      <line num="174" count="1" type="stmt"/>
      <line num="175" count="1" type="stmt"/>
      <line num="176" count="1" type="stmt"/>
      <line num="177" count="1" type="stmt"/>
      <line num="178" count="1" type="stmt"/>
      <line num="179" count="1" type="cond" truecount="1" falsecount="0"/>
      <line num="181" count="7" type="cond" truecount="0" falsecount="1"/>
      <line num="182" count="0" type="stmt"/>
      <line num="183" count="0" type="cond" truecount="1" falsecount="0"/>
      <line num="185" count="6" type="stmt"/>
      <line num="186" count="7" type="cond" truecount="0" falsecount="1"/>
      <line num="187" count="0" type="stmt"/>
      <line num="188" count="0" type="cond" truecount="1" falsecount="0"/>
      <line num="189" count="6" type="stmt"/>
      <line num="191" count="7" type="cond" truecount="1" falsecount="0"/>
      <line num="192" count="1" type="stmt"/>
      <line num="193" count="1" type="cond" truecount="0" falsecount="1"/>
      <line num="194" count="1" type="stmt"/>
      <line num="195" count="1" type="stmt"/>
      <line num="196" count="1" type="cond" truecount="1" falsecount="0"/>
      <line num="198" count="5" type="stmt"/>
      <line num="199" count="5" type="stmt"/>
      <line num="200" count="5" type="stmt"/>
      <line num="201" count="5" type="stmt"/>
      <line num="202" count="5" type="stmt"/>
      <line num="203" count="7" type="stmt"/>
      <line num="205" count="1" type="cond" truecount="1" falsecount="0"/>
      <line num="206" count="13" type="cond" truecount="1" falsecount="0"/>
      <line num="207" count="2" type="stmt"/>
      <line num="208" count="2" type="stmt"/>
      <line num="209" count="13" type="stmt"/>
      <line num="210" count="13" type="stmt"/>
      <line num="212" count="1" type="cond" truecount="1" falsecount="0"/>
      <line num="213" count="6" type="cond" truecount="0" falsecount="1"/>
      <line num="215" count="6" type="stmt"/>
      <line num="216" count="6" type="stmt"/>
      <line num="217" count="6" type="stmt"/>
      <line num="218" count="6" type="cond" truecount="0" falsecount="1"/>
      <line num="219" count="6" type="stmt"/>
      <line num="220" count="6" type="stmt"/>
      <line num="221" count="6" type="cond" truecount="0" falsecount="1"/>
      <line num="223" count="0" type="stmt"/>
      <line num="224" count="6" type="stmt"/>
      <line num="225" count="6" type="stmt"/>
      <line num="226" count="6" type="stmt"/>
      <line num="227" count="6" type="stmt"/>
      <line num="228" count="6" type="stmt"/>
      <line num="229" count="6" type="stmt"/>
      <line num="230" count="1" type="stmt"/>
      <line num="274" count="0" type="stmt"/>
      <line num="275" count="0" type="stmt"/>
      <line num="276" count="0" type="stmt"/>
      <line num="277" count="0" type="stmt"/>
    </file>
    <file name="service.ts" path="/Users/eryue0220/cin/eryue/css/postcss-go/packages/postcss-go/src/service.ts">
      <metrics statements="6" coveredstatements="6" conditionals="1" coveredconditionals="1" methods="1" coveredmethods="1"/>
      <line num="10" count="1" type="stmt"/>
      <line num="11" count="1" type="cond" truecount="1" falsecount="0"/>
      <line num="12" count="3" type="stmt"/>
      <line num="13" count="3" type="stmt"/>
      <line num="14" count="3" type="stmt"/>
      <line num="15" count="1" type="stmt"/>
    </file>
    <file name="types.ts" path="/Users/eryue0220/cin/eryue/css/postcss-go/packages/postcss-go/src/types.ts">
      <metrics statements="0" coveredstatements="0" conditionals="1" coveredconditionals="1" methods="1" coveredmethods="1"/>
    </file>
  </project>
</coverage>
