{
  "/Users/eryue0220/cin/eryue/css/postcss-go/packages/postcss-go/src/browser.ts": {
    "path": "/Users/eryue0220/cin/eryue/css/postcss-go/packages/postcss-go/src/browser.ts",
    "all": false,
    "statementMap": {
      "0": { "start": { "line": 1, "column": 0 }, "end": { "line": 1, "column": 78 } },
      "8": { "start": { "line": 9, "column": 0 }, "end": { "line": 9, "column": 66 } },
      "9": { "start": { "line": 10, "column": 0 }, "end": { "line": 10, "column": 30 } },
      "10": { "start": { "line": 11, "column": 0 }, "end": { "line": 11, "column": 28 } },
      "12": { "start": { "line": 13, "column": 0 }, "end": { "line": 13, "column": 61 } },
      "13": { "start": { "line": 14, "column": 0 }, "end": { "line": 14, "column": 39 } },
      "14": { "start": { "line": 15, "column": 0 }, "end": { "line": 15, "column": 35 } },
      "15": { "start": { "line": 16, "column": 0 }, "end": { "line": 16, "column": 3 } },
      "17": { "start": { "line": 18, "column": 0 }, "end": { "line": 18, "column": 82 } },
      "18": { "start": { "line": 19, "column": 0 }, "end": { "line": 19, "column": 38 } },
      "19": { "start": { "line": 20, "column": 0 }, "end": { "line": 20, "column": 141 } },
      "20": { "start": { "line": 21, "column": 0 }, "end": { "line": 21, "column": 6 } },
      "21": { "start": { "line": 22, "column": 0 }, "end": { "line": 22, "column": 3 } },
      "23": { "start": { "line": 24, "column": 0 }, "end": { "line": 24, "column": 86 } },
      "24": { "start": { "line": 25, "column": 0 }, "end": { "line": 25, "column": 38 } },
      "25": { "start": { "line": 26, "column": 0 }, "end": { "line": 26, "column": 143 } },
      "26": { "start": { "line": 27, "column": 0 }, "end": { "line": 27, "column": 6 } },
      "27": { "start": { "line": 28, "column": 0 }, "end": { "line": 28, "column": 3 } },
      "29": { "start": { "line": 30, "column": 0 }, "end": { "line": 30, "column": 51 } },
      "30": { "start": { "line": 31, "column": 0 }, "end": { "line": 31, "column": 38 } },
      "31": { "start": { "line": 32, "column": 0 }, "end": { "line": 32, "column": 145 } },
      "32": { "start": { "line": 33, "column": 0 }, "end": { "line": 33, "column": 6 } },
      "33": { "start": { "line": 34, "column": 0 }, "end": { "line": 34, "column": 3 } },
      "35": { "start": { "line": 36, "column": 0 }, "end": { "line": 36, "column": 33 } },
      "36": { "start": { "line": 37, "column": 0 }, "end": { "line": 37, "column": 1 } }
    },
    "s": {
      "0": 1,
      "8": 1,
      "9": 1,
      "10": 1,
      "12": 1,
      "13": 1,
      "14": 1,
      "15": 1,
      "17": 1,
      "18": 1,
      "19": 1,
      "20": 1,
      "21": 1,
      "23": 1,
      "24": 1,
      "25": 1,
      "26": 1,
      "27": 1,
      "29": 1,
      "30": 1,
      "31": 1,
      "32": 1,
      "33": 1,
      "35": 1,
      "36": 1
    },
    "branchMap": {
      "0": {
        "type": "branch",
        "line": 10,
        "loc": { "start": { "line": 10, "column": 11 }, "end": { "line": 11, "column": 28 } },
        "locations": [
          { "start": { "line": 10, "column": 11 }, "end": { "line": 11, "column": 28 } }
        ]
      },
      "1": {
        "type": "branch",
        "line": 13,
        "loc": { "start": { "line": 13, "column": 2 }, "end": { "line": 16, "column": 3 } },
        "locations": [{ "start": { "line": 13, "column": 2 }, "end": { "line": 16, "column": 3 } }]
      },
      "2": {
        "type": "branch",
        "line": 18,
        "loc": { "start": { "line": 18, "column": 2 }, "end": { "line": 22, "column": 3 } },
        "locations": [{ "start": { "line": 18, "column": 2 }, "end": { "line": 22, "column": 3 } }]
      },
      "3": {
        "type": "branch",
        "line": 24,
        "loc": { "start": { "line": 24, "column": 2 }, "end": { "line": 28, "column": 3 } },
        "locations": [{ "start": { "line": 24, "column": 2 }, "end": { "line": 28, "column": 3 } }]
      },
      "4": {
        "type": "branch",
        "line": 30,
        "loc": { "start": { "line": 30, "column": 2 }, "end": { "line": 34, "column": 3 } },
        "locations": [{ "start": { "line": 30, "column": 2 }, "end": { "line": 34, "column": 3 } }]
      },
      "5": {
        "type": "branch",
        "line": 36,
        "loc": { "start": { "line": 36, "column": 2 }, "end": { "line": 36, "column": 33 } },
        "locations": [{ "start": { "line": 36, "column": 2 }, "end": { "line": 36, "column": 33 } }]
      }
    },
    "b": { "0": [1], "1": [1], "2": [1], "3": [1], "4": [1], "5": [1] },
    "fnMap": {
      "0": {
        "name": "<instance_members_initializer>",
        "decl": { "start": { "line": 10, "column": 11 }, "end": { "line": 11, "column": 28 } },
        "loc": { "start": { "line": 10, "column": 11 }, "end": { "line": 11, "column": 28 } },
        "line": 10
      },
      "1": {
        "name": "BrowserPostcssGoService",
        "decl": { "start": { "line": 13, "column": 2 }, "end": { "line": 16, "column": 3 } },
        "loc": { "start": { "line": 13, "column": 2 }, "end": { "line": 16, "column": 3 } },
        "line": 13
      },
      "2": {
        "name": "parse",
        "decl": { "start": { "line": 18, "column": 2 }, "end": { "line": 22, "column": 3 } },
        "loc": { "start": { "line": 18, "column": 2 }, "end": { "line": 22, "column": 3 } },
        "line": 18
      },
      "3": {
        "name": "process",
        "decl": { "start": { "line": 24, "column": 2 }, "end": { "line": 28, "column": 3 } },
        "loc": { "start": { "line": 24, "column": 2 }, "end": { "line": 28, "column": 3 } },
        "line": 24
      },
      "4": {
        "name": "stringify",
        "decl": { "start": { "line": 30, "column": 2 }, "end": { "line": 34, "column": 3 } },
        "loc": { "start": { "line": 30, "column": 2 }, "end": { "line": 34, "column": 3 } },
        "line": 30
      },
      "5": {
        "name": "close",
        "decl": { "start": { "line": 36, "column": 2 }, "end": { "line": 36, "column": 33 } },
        "loc": { "start": { "line": 36, "column": 2 }, "end": { "line": 36, "column": 33 } },
        "line": 36
      }
    },
    "f": { "0": 1, "1": 1, "2": 1, "3": 1, "4": 1, "5": 1 }
  },
  "/Users/eryue0220/cin/eryue/css/postcss-go/packages/postcss-go/src/index.ts": {
    "path": "/Users/eryue0220/cin/eryue/css/postcss-go/packages/postcss-go/src/index.ts",
    "all": false,
    "statementMap": {
      "0": { "start": { "line": 1, "column": 0 }, "end": { "line": 1, "column": 83 } },
      "4": { "start": { "line": 5, "column": 0 }, "end": { "line": 5, "column": 55 } },
      "5": { "start": { "line": 6, "column": 0 }, "end": { "line": 6, "column": 49 } },
      "6": { "start": { "line": 7, "column": 0 }, "end": { "line": 7, "column": 78 } },
      "22": { "start": { "line": 23, "column": 0 }, "end": { "line": 23, "column": 28 } },
      "23": { "start": { "line": 24, "column": 0 }, "end": { "line": 24, "column": 14 } },
      "24": { "start": { "line": 25, "column": 0 }, "end": { "line": 25, "column": 31 } },
      "25": { "start": { "line": 26, "column": 0 }, "end": { "line": 26, "column": 29 } },
      "26": { "start": { "line": 27, "column": 0 }, "end": { "line": 27, "column": 25 } },
      "27": { "start": { "line": 28, "column": 0 }, "end": { "line": 28, "column": 62 } },
      "28": { "start": { "line": 29, "column": 0 }, "end": { "line": 29, "column": 7 } },
      "29": { "start": { "line": 30, "column": 0 }, "end": { "line": 30, "column": 51 } },
      "30": { "start": { "line": 31, "column": 0 }, "end": { "line": 31, "column": 13 } },
      "31": { "start": { "line": 32, "column": 0 }, "end": { "line": 32, "column": 19 } },
      "32": { "start": { "line": 33, "column": 0 }, "end": { "line": 33, "column": 34 } },
      "33": { "start": { "line": 34, "column": 0 }, "end": { "line": 34, "column": 5 } },
      "34": { "start": { "line": 35, "column": 0 }, "end": { "line": 35, "column": 3 } },
      "35": { "start": { "line": 36, "column": 0 }, "end": { "line": 36, "column": 1 } },
      "37": { "start": { "line": 38, "column": 0 }, "end": { "line": 38, "column": 30 } },
      "38": { "start": { "line": 39, "column": 0 }, "end": { "line": 39, "column": 14 } },
      "39": { "start": { "line": 40, "column": 0 }, "end": { "line": 40, "column": 31 } },
      "40": { "start": { "line": 41, "column": 0 }, "end": { "line": 41, "column": 29 } },
      "41": { "start": { "line": 42, "column": 0 }, "end": { "line": 42, "column": 27 } },
      "42": { "start": { "line": 43, "column": 0 }, "end": { "line": 43, "column": 62 } },
      "43": { "start": { "line": 44, "column": 0 }, "end": { "line": 44, "column": 7 } },
      "44": { "start": { "line": 45, "column": 0 }, "end": { "line": 45, "column": 53 } },
      "45": { "start": { "line": 46, "column": 0 }, "end": { "line": 46, "column": 13 } },
      "46": { "start": { "line": 47, "column": 0 }, "end": { "line": 47, "column": 19 } },
      "47": { "start": { "line": 48, "column": 0 }, "end": { "line": 48, "column": 34 } },
      "48": { "start": { "line": 49, "column": 0 }, "end": { "line": 49, "column": 5 } },
      "49": { "start": { "line": 50, "column": 0 }, "end": { "line": 50, "column": 3 } },
      "50": { "start": { "line": 51, "column": 0 }, "end": { "line": 51, "column": 1 } },
      "52": { "start": { "line": 53, "column": 0 }, "end": { "line": 53, "column": 100 } },
      "53": { "start": { "line": 54, "column": 0 }, "end": { "line": 54, "column": 43 } },
      "54": { "start": { "line": 55, "column": 0 }, "end": { "line": 55, "column": 1 } }
    },
    "s": {
      "0": 1,
      "4": 1,
      "5": 1,
      "6": 1,
      "22": 1,
      "23": 1,
      "24": 1,
      "25": 1,
      "26": 1,
      "27": 1,
      "28": 1,
      "29": 1,
      "30": 1,
      "31": 1,
      "32": 0,
      "33": 0,
      "34": 1,
      "35": 1,
      "37": 1,
      "38": 1,
      "39": 1,
      "40": 1,
      "41": 1,
      "42": 1,
      "43": 1,
      "44": 1,
      "45": 1,
      "46": 1,
      "47": 0,
      "48": 0,
      "49": 1,
      "50": 1,
      "52": 1,
      "53": 1,
      "54": 1
    },
    "branchMap": {
      "0": {
        "type": "branch",
        "line": 23,
        "loc": { "start": { "line": 23, "column": 0 }, "end": { "line": 36, "column": 1 } },
        "locations": [{ "start": { "line": 23, "column": 0 }, "end": { "line": 36, "column": 1 } }]
      },
      "1": {
        "type": "branch",
        "line": 28,
        "loc": { "start": { "line": 28, "column": 24 }, "end": { "line": 28, "column": 62 } },
        "locations": [
          { "start": { "line": 28, "column": 24 }, "end": { "line": 28, "column": 62 } }
        ]
      },
      "2": {
        "type": "branch",
        "line": 32,
        "loc": { "start": { "line": 32, "column": 18 }, "end": { "line": 34, "column": 5 } },
        "locations": [{ "start": { "line": 32, "column": 18 }, "end": { "line": 34, "column": 5 } }]
      },
      "3": {
        "type": "branch",
        "line": 38,
        "loc": { "start": { "line": 38, "column": 0 }, "end": { "line": 51, "column": 1 } },
        "locations": [{ "start": { "line": 38, "column": 0 }, "end": { "line": 51, "column": 1 } }]
      },
      "4": {
        "type": "branch",
        "line": 43,
        "loc": { "start": { "line": 43, "column": 24 }, "end": { "line": 43, "column": 62 } },
        "locations": [
          { "start": { "line": 43, "column": 24 }, "end": { "line": 43, "column": 62 } }
        ]
      },
      "5": {
        "type": "branch",
        "line": 47,
        "loc": { "start": { "line": 47, "column": 18 }, "end": { "line": 49, "column": 5 } },
        "locations": [{ "start": { "line": 47, "column": 18 }, "end": { "line": 49, "column": 5 } }]
      },
      "6": {
        "type": "branch",
        "line": 53,
        "loc": { "start": { "line": 53, "column": 7 }, "end": { "line": 55, "column": 1 } },
        "locations": [{ "start": { "line": 53, "column": 7 }, "end": { "line": 55, "column": 1 } }]
      }
    },
    "b": { "0": [1], "1": [0], "2": [0], "3": [1], "4": [0], "5": [0], "6": [1] },
    "fnMap": {
      "0": {
        "name": "parse",
        "decl": { "start": { "line": 23, "column": 0 }, "end": { "line": 36, "column": 1 } },
        "loc": { "start": { "line": 23, "column": 0 }, "end": { "line": 36, "column": 1 } },
        "line": 23
      },
      "1": {
        "name": "process",
        "decl": { "start": { "line": 38, "column": 0 }, "end": { "line": 51, "column": 1 } },
        "loc": { "start": { "line": 38, "column": 0 }, "end": { "line": 51, "column": 1 } },
        "line": 38
      },
      "2": {
        "name": "createNodeService",
        "decl": { "start": { "line": 53, "column": 7 }, "end": { "line": 55, "column": 1 } },
        "loc": { "start": { "line": 53, "column": 7 }, "end": { "line": 55, "column": 1 } },
        "line": 53
      }
    },
    "f": { "0": 1, "1": 1, "2": 1 }
  },
  "/Users/eryue0220/cin/eryue/css/postcss-go/packages/postcss-go/src/node.ts": {
    "path": "/Users/eryue0220/cin/eryue/css/postcss-go/packages/postcss-go/src/node.ts",
    "all": false,
    "statementMap": {
      "0": { "start": { "line": 1, "column": 0 }, "end": { "line": 1, "column": 80 } },
      "1": { "start": { "line": 2, "column": 0 }, "end": { "line": 2, "column": 45 } },
      "2": { "start": { "line": 3, "column": 0 }, "end": { "line": 3, "column": 41 } },
      "13": { "start": { "line": 14, "column": 0 }, "end": { "line": 14, "column": 63 } },
      "14": { "start": { "line": 15, "column": 0 }, "end": { "line": 15, "column": 28 } },
      "15": { "start": { "line": 16, "column": 0 }, "end": { "line": 16, "column": 30 } },
      "16": { "start": { "line": 17, "column": 0 }, "end": { "line": 17, "column": 37 } },
      "18": { "start": { "line": 19, "column": 0 }, "end": { "line": 19, "column": 62 } },
      "19": { "start": { "line": 20, "column": 0 }, "end": { "line": 20, "column": 21 } },
      "20": { "start": { "line": 21, "column": 0 }, "end": { "line": 21, "column": 37 } },
      "26": { "start": { "line": 27, "column": 0 }, "end": { "line": 27, "column": 6 } },
      "27": { "start": { "line": 28, "column": 0 }, "end": { "line": 28, "column": 28 } },
      "28": { "start": { "line": 29, "column": 0 }, "end": { "line": 29, "column": 28 } },
      "29": { "start": { "line": 30, "column": 0 }, "end": { "line": 30, "column": 25 } },
      "30": { "start": { "line": 31, "column": 0 }, "end": { "line": 31, "column": 52 } },
      "32": { "start": { "line": 33, "column": 0 }, "end": { "line": 33, "column": 58 } },
      "33": { "start": { "line": 34, "column": 0 }, "end": { "line": 34, "column": 35 } },
      "34": { "start": { "line": 35, "column": 0 }, "end": { "line": 35, "column": 35 } },
      "35": { "start": { "line": 36, "column": 0 }, "end": { "line": 36, "column": 53 } },
      "36": { "start": { "line": 37, "column": 0 }, "end": { "line": 37, "column": 3 } },
      "38": { "start": { "line": 39, "column": 0 }, "end": { "line": 39, "column": 80 } },
      "39": { "start": { "line": 40, "column": 0 }, "end": { "line": 40, "column": 66 } },
      "40": { "start": { "line": 41, "column": 0 }, "end": { "line": 41, "column": 33 } },
      "41": { "start": { "line": 42, "column": 0 }, "end": { "line": 42, "column": 74 } },
      "42": { "start": { "line": 43, "column": 0 }, "end": { "line": 43, "column": 5 } },
      "43": { "start": { "line": 44, "column": 0 }, "end": { "line": 44, "column": 42 } },
      "44": { "start": { "line": 45, "column": 0 }, "end": { "line": 45, "column": 3 } },
      "46": { "start": { "line": 47, "column": 0 }, "end": { "line": 47, "column": 84 } },
      "47": { "start": { "line": 48, "column": 0 }, "end": { "line": 48, "column": 68 } },
      "48": { "start": { "line": 49, "column": 0 }, "end": { "line": 49, "column": 76 } },
      "49": { "start": { "line": 50, "column": 0 }, "end": { "line": 50, "column": 74 } },
      "50": { "start": { "line": 51, "column": 0 }, "end": { "line": 51, "column": 5 } },
      "51": { "start": { "line": 52, "column": 0 }, "end": { "line": 52, "column": 12 } },
      "52": { "start": { "line": 53, "column": 0 }, "end": { "line": 53, "column": 31 } },
      "53": { "start": { "line": 54, "column": 0 }, "end": { "line": 54, "column": 33 } },
      "54": { "start": { "line": 55, "column": 0 }, "end": { "line": 55, "column": 47 } },
      "55": { "start": { "line": 56, "column": 0 }, "end": { "line": 56, "column": 6 } },
      "56": { "start": { "line": 57, "column": 0 }, "end": { "line": 57, "column": 3 } },
      "58": { "start": { "line": 59, "column": 0 }, "end": { "line": 59, "column": 50 } },
      "59": { "start": { "line": 60, "column": 0 }, "end": { "line": 60, "column": 61 } },
      "60": { "start": { "line": 61, "column": 0 }, "end": { "line": 61, "column": 51 } },
      "61": { "start": { "line": 62, "column": 0 }, "end": { "line": 62, "column": 77 } },
      "62": { "start": { "line": 63, "column": 0 }, "end": { "line": 63, "column": 5 } },
      "63": { "start": { "line": 64, "column": 0 }, "end": { "line": 64, "column": 31 } },
      "64": { "start": { "line": 65, "column": 0 }, "end": { "line": 65, "column": 3 } },
      "66": { "start": { "line": 67, "column": 0 }, "end": { "line": 67, "column": 32 } },
      "67": { "start": { "line": 68, "column": 0 }, "end": { "line": 68, "column": 23 } },
      "68": { "start": { "line": 69, "column": 0 }, "end": { "line": 69, "column": 28 } },
      "69": { "start": { "line": 70, "column": 0 }, "end": { "line": 70, "column": 31 } },
      "70": { "start": { "line": 71, "column": 0 }, "end": { "line": 71, "column": 5 } },
      "71": { "start": { "line": 72, "column": 0 }, "end": { "line": 72, "column": 22 } },
      "72": { "start": { "line": 73, "column": 0 }, "end": { "line": 73, "column": 13 } },
      "73": { "start": { "line": 74, "column": 0 }, "end": { "line": 74, "column": 5 } },
      "75": { "start": { "line": 76, "column": 0 }, "end": { "line": 76, "column": 29 } },
      "76": { "start": { "line": 77, "column": 0 }, "end": { "line": 77, "column": 63 } },
      "77": { "start": { "line": 78, "column": 0 }, "end": { "line": 78, "column": 50 } },
      "78": { "start": { "line": 79, "column": 0 }, "end": { "line": 79, "column": 19 } },
      "79": { "start": { "line": 80, "column": 0 }, "end": { "line": 80, "column": 22 } },
      "80": { "start": { "line": 81, "column": 0 }, "end": { "line": 81, "column": 67 } },
      "81": { "start": { "line": 82, "column": 0 }, "end": { "line": 82, "column": 24 } },
      "82": { "start": { "line": 83, "column": 0 }, "end": { "line": 83, "column": 31 } },
      "83": { "start": { "line": 84, "column": 0 }, "end": { "line": 84, "column": 29 } },
      "84": { "start": { "line": 85, "column": 0 }, "end": { "line": 85, "column": 29 } },
      "85": { "start": { "line": 86, "column": 0 }, "end": { "line": 86, "column": 7 } },
      "87": { "start": { "line": 88, "column": 0 }, "end": { "line": 88, "column": 29 } },
      "88": { "start": { "line": 89, "column": 0 }, "end": { "line": 89, "column": 3 } },
      "90": { "start": { "line": 91, "column": 0 }, "end": { "line": 91, "column": 100 } },
      "91": { "start": { "line": 92, "column": 0 }, "end": { "line": 92, "column": 37 } },
      "92": { "start": { "line": 93, "column": 0 }, "end": { "line": 93, "column": 29 } },
      "93": { "start": { "line": 94, "column": 0 }, "end": { "line": 94, "column": 51 } },
      "94": { "start": { "line": 95, "column": 0 }, "end": { "line": 95, "column": 21 } },
      "95": { "start": { "line": 96, "column": 0 }, "end": { "line": 96, "column": 9 } },
      "96": { "start": { "line": 97, "column": 0 }, "end": { "line": 97, "column": 13 } },
      "97": { "start": { "line": 98, "column": 0 }, "end": { "line": 98, "column": 13 } },
      "98": { "start": { "line": 99, "column": 0 }, "end": { "line": 99, "column": 6 } },
      "100": { "start": { "line": 101, "column": 0 }, "end": { "line": 101, "column": 99 } },
      "101": { "start": { "line": 102, "column": 0 }, "end": { "line": 102, "column": 79 } },
      "102": { "start": { "line": 103, "column": 0 }, "end": { "line": 103, "column": 7 } },
      "104": { "start": { "line": 105, "column": 0 }, "end": { "line": 105, "column": 62 } },
      "105": { "start": { "line": 106, "column": 0 }, "end": { "line": 106, "column": 27 } },
      "106": { "start": { "line": 107, "column": 0 }, "end": { "line": 107, "column": 3 } },
      "108": { "start": { "line": 109, "column": 0 }, "end": { "line": 109, "column": 57 } },
      "109": { "start": { "line": 110, "column": 0 }, "end": { "line": 110, "column": 22 } },
      "110": { "start": { "line": 111, "column": 0 }, "end": { "line": 111, "column": 61 } },
      "111": { "start": { "line": 112, "column": 0 }, "end": { "line": 112, "column": 5 } },
      "112": { "start": { "line": 113, "column": 0 }, "end": { "line": 113, "column": 21 } },
      "113": { "start": { "line": 114, "column": 0 }, "end": { "line": 114, "column": 24 } },
      "114": { "start": { "line": 115, "column": 0 }, "end": { "line": 115, "column": 5 } },
      "116": { "start": { "line": 117, "column": 0 }, "end": { "line": 117, "column": 57 } },
      "117": { "start": { "line": 118, "column": 0 }, "end": { "line": 118, "column": 40 } },
      "118": { "start": { "line": 119, "column": 0 }, "end": { "line": 119, "column": 10 } },
      "119": { "start": { "line": 120, "column": 0 }, "end": { "line": 120, "column": 20 } },
      "120": { "start": { "line": 121, "column": 0 }, "end": { "line": 121, "column": 12 } },
      "121": { "start": { "line": 122, "column": 0 }, "end": { "line": 122, "column": 23 } },
      "122": { "start": { "line": 123, "column": 0 }, "end": { "line": 123, "column": 86 } },
      "123": { "start": { "line": 124, "column": 0 }, "end": { "line": 124, "column": 8 } },
      "124": { "start": { "line": 125, "column": 0 }, "end": { "line": 125, "column": 7 } },
      "126": { "start": { "line": 127, "column": 0 }, "end": { "line": 127, "column": 37 } },
      "127": { "start": { "line": 128, "column": 0 }, "end": { "line": 128, "column": 37 } },
      "129": { "start": { "line": 130, "column": 0 }, "end": { "line": 130, "column": 73 } },
      "130": { "start": { "line": 131, "column": 0 }, "end": { "line": 131, "column": 48 } },
      "131": { "start": { "line": 132, "column": 0 }, "end": { "line": 132, "column": 33 } },
      "132": { "start": { "line": 133, "column": 0 }, "end": { "line": 133, "column": 7 } },
      "133": { "start": { "line": 134, "column": 0 }, "end": { "line": 134, "column": 34 } },
      "134": { "start": { "line": 135, "column": 0 }, "end": { "line": 135, "column": 28 } },
      "135": { "start": { "line": 136, "column": 0 }, "end": { "line": 136, "column": 89 } },
      "136": { "start": { "line": 137, "column": 0 }, "end": { "line": 137, "column": 8 } },
      "137": { "start": { "line": 138, "column": 0 }, "end": { "line": 138, "column": 7 } },
      "138": { "start": { "line": 139, "column": 0 }, "end": { "line": 139, "column": 41 } },
      "139": { "start": { "line": 140, "column": 0 }, "end": { "line": 140, "column": 20 } },
      "140": { "start": { "line": 141, "column": 0 }, "end": { "line": 141, "column": 96 } },
      "141": { "start": { "line": 142, "column": 0 }, "end": { "line": 142, "column": 78 } },
      "142": { "start": { "line": 143, "column": 0 }, "end": { "line": 143, "column": 24 } },
      "143": { "start": { "line": 144, "column": 0 }, "end": { "line": 144, "column": 29 } },
      "144": { "start": { "line": 145, "column": 0 }, "end": { "line": 145, "column": 29 } },
      "145": { "start": { "line": 146, "column": 0 }, "end": { "line": 146, "column": 7 } },
      "147": { "start": { "line": 148, "column": 0 }, "end": { "line": 148, "column": 23 } },
      "148": { "start": { "line": 149, "column": 0 }, "end": { "line": 149, "column": 17 } },
      "149": { "start": { "line": 150, "column": 0 }, "end": { "line": 150, "column": 3 } },
      "151": { "start": { "line": 152, "column": 0 }, "end": { "line": 152, "column": 45 } },
      "152": { "start": { "line": 153, "column": 0 }, "end": { "line": 153, "column": 31 } },
      "153": { "start": { "line": 154, "column": 0 }, "end": { "line": 154, "column": 18 } },
      "154": { "start": { "line": 155, "column": 0 }, "end": { "line": 155, "column": 59 } },
      "155": { "start": { "line": 156, "column": 0 }, "end": { "line": 156, "column": 29 } },
      "156": { "start": { "line": 157, "column": 0 }, "end": { "line": 157, "column": 15 } },
      "157": { "start": { "line": 158, "column": 0 }, "end": { "line": 158, "column": 7 } },
      "158": { "start": { "line": 159, "column": 0 }, "end": { "line": 159, "column": 67 } },
      "159": { "start": { "line": 160, "column": 0 }, "end": { "line": 160, "column": 68 } },
      "160": { "start": { "line": 161, "column": 0 }, "end": { "line": 161, "column": 18 } },
      "161": { "start": { "line": 162, "column": 0 }, "end": { "line": 162, "column": 17 } },
      "162": { "start": { "line": 163, "column": 0 }, "end": { "line": 163, "column": 7 } },
      "163": { "start": { "line": 164, "column": 0 }, "end": { "line": 164, "column": 31 } },
      "164": { "start": { "line": 165, "column": 0 }, "end": { "line": 165, "column": 5 } },
      "165": { "start": { "line": 166, "column": 0 }, "end": { "line": 166, "column": 3 } },
      "167": { "start": { "line": 168, "column": 0 }, "end": { "line": 168, "column": 45 } },
      "168": { "start": { "line": 169, "column": 0 }, "end": { "line": 169, "column": 47 } },
      "169": { "start": { "line": 170, "column": 0 }, "end": { "line": 170, "column": 9 } },
      "170": { "start": { "line": 171, "column": 0 }, "end": { "line": 171, "column": 66 } },
      "171": { "start": { "line": 172, "column": 0 }, "end": { "line": 172, "column": 21 } },
      "172": { "start": { "line": 173, "column": 0 }, "end": { "line": 173, "column": 28 } },
      "173": { "start": { "line": 174, "column": 0 }, "end": { "line": 174, "column": 93 } },
      "174": { "start": { "line": 175, "column": 0 }, "end": { "line": 175, "column": 23 } },
      "175": { "start": { "line": 176, "column": 0 }, "end": { "line": 176, "column": 11 } },
      "176": { "start": { "line": 177, "column": 0 }, "end": { "line": 177, "column": 8 } },
      "177": { "start": { "line": 178, "column": 0 }, "end": { "line": 178, "column": 13 } },
      "178": { "start": { "line": 179, "column": 0 }, "end": { "line": 179, "column": 5 } },
      "180": { "start": { "line": 181, "column": 0 }, "end": { "line": 181, "column": 41 } },
      "181": { "start": { "line": 182, "column": 0 }, "end": { "line": 182, "column": 13 } },
      "182": { "start": { "line": 183, "column": 0 }, "end": { "line": 183, "column": 5 } },
      "184": { "start": { "line": 185, "column": 0 }, "end": { "line": 185, "column": 49 } },
      "185": { "start": { "line": 186, "column": 0 }, "end": { "line": 186, "column": 19 } },
      "186": { "start": { "line": 187, "column": 0 }, "end": { "line": 187, "column": 13 } },
      "187": { "start": { "line": 188, "column": 0 }, "end": { "line": 188, "column": 5 } },
      "188": { "start": { "line": 189, "column": 0 }, "end": { "line": 189, "column": 36 } },
      "190": { "start": { "line": 191, "column": 0 }, "end": { "line": 191, "column": 24 } },
      "191": { "start": { "line": 192, "column": 0 }, "end": { "line": 192, "column": 21 } },
      "192": { "start": { "line": 193, "column": 0 }, "end": { "line": 193, "column": 99 } },
      "193": { "start": { "line": 194, "column": 0 }, "end": { "line": 194, "column": 8 } },
      "194": { "start": { "line": 195, "column": 0 }, "end": { "line": 195, "column": 13 } },
      "195": { "start": { "line": 196, "column": 0 }, "end": { "line": 196, "column": 5 } },
      "197": { "start": { "line": 198, "column": 0 }, "end": { "line": 198, "column": 21 } },
      "198": { "start": { "line": 199, "column": 0 }, "end": { "line": 199, "column": 21 } },
      "199": { "start": { "line": 200, "column": 0 }, "end": { "line": 200, "column": 21 } },
      "200": { "start": { "line": 201, "column": 0 }, "end": { "line": 201, "column": 29 } },
      "201": { "start": { "line": 202, "column": 0 }, "end": { "line": 202, "column": 7 } },
      "202": { "start": { "line": 203, "column": 0 }, "end": { "line": 203, "column": 3 } },
      "204": { "start": { "line": 205, "column": 0 }, "end": { "line": 205, "column": 48 } },
      "205": { "start": { "line": 206, "column": 0 }, "end": { "line": 206, "column": 50 } },
      "206": { "start": { "line": 207, "column": 0 }, "end": { "line": 207, "column": 28 } },
      "207": { "start": { "line": 208, "column": 0 }, "end": { "line": 208, "column": 5 } },
      "208": { "start": { "line": 209, "column": 0 }, "end": { "line": 209, "column": 25 } },
      "209": { "start": { "line": 210, "column": 0 }, "end": { "line": 210, "column": 3 } },
      "211": { "start": { "line": 212, "column": 0 }, "end": { "line": 212, "column": 78 } },
      "212": { "start": { "line": 213, "column": 0 }, "end": { "line": 213, "column": 72 } },
      "214": { "start": { "line": 215, "column": 0 }, "end": { "line": 215, "column": 18 } },
      "215": { "start": { "line": 216, "column": 0 }, "end": { "line": 216, "column": 14 } },
      "216": { "start": { "line": 217, "column": 0 }, "end": { "line": 217, "column": 25 } },
      "217": { "start": { "line": 218, "column": 0 }, "end": { "line": 218, "column": 33 } },
      "218": { "start": { "line": 219, "column": 0 }, "end": { "line": 219, "column": 52 } },
      "219": { "start": { "line": 220, "column": 0 }, "end": { "line": 220, "column": 8 } },
      "220": { "start": { "line": 221, "column": 0 }, "end": { "line": 221, "column": 5 } },
      "222": { "start": { "line": 223, "column": 0 }, "end": { "line": 223, "column": 74 } },
      "223": { "start": { "line": 224, "column": 0 }, "end": { "line": 224, "column": 12 } },
      "224": { "start": { "line": 225, "column": 0 }, "end": { "line": 225, "column": 20 } },
      "225": { "start": { "line": 226, "column": 0 }, "end": { "line": 226, "column": 61 } },
      "226": { "start": { "line": 227, "column": 0 }, "end": { "line": 227, "column": 10 } },
      "227": { "start": { "line": 228, "column": 0 }, "end": { "line": 228, "column": 6 } },
      "228": { "start": { "line": 229, "column": 0 }, "end": { "line": 229, "column": 3 } },
      "229": { "start": { "line": 230, "column": 0 }, "end": { "line": 230, "column": 1 } },
      "273": { "start": { "line": 274, "column": 0 }, "end": { "line": 274, "column": 42 } },
      "274": { "start": { "line": 275, "column": 0 }, "end": { "line": 275, "column": 50 } },
      "275": { "start": { "line": 276, "column": 0 }, "end": { "line": 276, "column": 49 } },
      "276": { "start": { "line": 277, "column": 0 }, "end": { "line": 277, "column": 1 } }
    },
    "s": {
      "0": 1,
      "1": 1,
      "2": 1,
      "13": 1,
      "14": 1,
      "15": 8,
      "16": 8,
      "18": 8,
      "19": 8,
      "20": 8,
      "26": 8,
      "27": 8,
      "28": 8,
      "29": 8,
      "30": 8,
      "32": 1,
      "33": 8,
      "34": 8,
      "35": 8,
      "36": 8,
      "38": 1,
      "39": 6,
      "40": 6,
      "41": 1,
      "42": 1,
      "43": 1,
      "44": 6,
      "46": 1,
      "47": 2,
      "48": 2,
      "49": 1,
      "50": 1,
      "51": 1,
      "52": 1,
      "53": 1,
      "54": 2,
      "55": 2,
      "56": 2,
      "58": 1,
      "59": 1,
      "60": 1,
      "61": 0,
      "62": 0,
      "63": 1,
      "64": 1,
      "66": 1,
      "67": 7,
      "68": 7,
      "69": 0,
      "70": 0,
      "71": 7,
      "72": 1,
      "73": 1,
      "75": 6,
      "76": 6,
      "77": 6,
      "78": 6,
      "79": 6,
      "80": 6,
      "81": 6,
      "82": 6,
      "83": 6,
      "84": 6,
      "85": 6,
      "87": 6,
      "88": 7,
      "90": 1,
      "91": 9,
      "92": 9,
      "93": 9,
      "94": 9,
      "95": 9,
      "96": 9,
      "97": 9,
      "98": 9,
      "100": 9,
      "101": 8,
      "102": 9,
      "104": 9,
      "105": 9,
      "106": 9,
      "108": 1,
      "109": 9,
      "110": 1,
      "111": 1,
      "112": 9,
      "113": 2,
      "114": 2,
      "116": 6,
      "117": 6,
      "118": 6,
      "119": 6,
      "120": 6,
      "121": 6,
      "122": 9,
      "123": 9,
      "124": 9,
      "126": 9,
      "127": 9,
      "129": 9,
      "130": 9,
      "131": 0,
      "132": 9,
      "133": 9,
      "134": 0,
      "135": 0,
      "136": 0,
      "137": 9,
      "138": 9,
      "139": 6,
      "140": 6,
      "141": 6,
      "142": 6,
      "143": 6,
      "144": 6,
      "145": 9,
      "147": 9,
      "148": 9,
      "149": 9,
      "151": 1,
      "152": 7,
      "153": 7,
      "154": 14,
      "155": 14,
      "156": 7,
      "157": 7,
      "158": 7,
      "159": 7,
      "160": 14,
      "161": 0,
      "162": 0,
      "163": 7,
      "164": 7,
      "165": 7,
      "167": 1,
      "168": 7,
      "169": 7,
      "170": 7,
      "171": 7,
      "172": 1,
      "173": 1,
      "174": 1,
      "175": 1,
      "176": 1,
      "177": 1,
      "178": 1,
      "180": 7,
      "181": 0,
      "182": 0,
      "184": 6,
      "185": 7,
      "186": 0,
      "187": 0,
      "188": 6,
      "190": 7,
      "191": 1,
      "192": 1,
      "193": 1,
      "194": 1,
      "195": 1,
      "197": 5,
      "198": 5,
      "199": 5,
      "200": 5,
      "201": 5,
      "202": 7,
      "204": 1,
      "205": 13,
      "206": 2,
      "207": 2,
      "208": 13,
      "209": 13,
      "211": 1,
      "212": 6,
      "214": 6,
      "215": 6,
      "216": 6,
      "217": 6,
      "218": 6,
      "219": 6,
      "220": 6,
      "222": 0,
      "223": 6,
      "224": 6,
      "225": 6,
      "226": 6,
      "227": 6,
      "228": 6,
      "229": 1,
      "273": 0,
      "274": 0,
      "275": 0,
      "276": 0
    },
    "branchMap": {
      "0": {
        "type": "branch",
        "line": 15,
        "loc": { "start": { "line": 15, "column": 11 }, "end": { "line": 31, "column": 52 } },
        "locations": [
          { "start": { "line": 15, "column": 11 }, "end": { "line": 31, "column": 52 } }
        ]
      },
      "1": {
        "type": "branch",
        "line": 33,
        "loc": { "start": { "line": 33, "column": 2 }, "end": { "line": 37, "column": 3 } },
        "locations": [{ "start": { "line": 33, "column": 2 }, "end": { "line": 37, "column": 3 } }]
      },
      "2": {
        "type": "branch",
        "line": 39,
        "loc": { "start": { "line": 39, "column": 2 }, "end": { "line": 45, "column": 3 } },
        "locations": [{ "start": { "line": 39, "column": 2 }, "end": { "line": 45, "column": 3 } }]
      },
      "3": {
        "type": "branch",
        "line": 40,
        "loc": { "start": { "line": 40, "column": 64 }, "end": { "line": 41, "column": 32 } },
        "locations": [
          { "start": { "line": 40, "column": 64 }, "end": { "line": 41, "column": 32 } }
        ]
      },
      "4": {
        "type": "branch",
        "line": 41,
        "loc": { "start": { "line": 41, "column": 32 }, "end": { "line": 44, "column": 42 } },
        "locations": [
          { "start": { "line": 41, "column": 32 }, "end": { "line": 44, "column": 42 } }
        ]
      },
      "5": {
        "type": "branch",
        "line": 47,
        "loc": { "start": { "line": 47, "column": 2 }, "end": { "line": 57, "column": 3 } },
        "locations": [{ "start": { "line": 47, "column": 2 }, "end": { "line": 57, "column": 3 } }]
      },
      "6": {
        "type": "branch",
        "line": 49,
        "loc": { "start": { "line": 49, "column": 75 }, "end": { "line": 55, "column": 44 } },
        "locations": [
          { "start": { "line": 49, "column": 75 }, "end": { "line": 55, "column": 44 } }
        ]
      },
      "7": {
        "type": "branch",
        "line": 55,
        "loc": { "start": { "line": 55, "column": 32 }, "end": { "line": 55, "column": 47 } },
        "locations": [
          { "start": { "line": 55, "column": 32 }, "end": { "line": 55, "column": 47 } }
        ]
      },
      "8": {
        "type": "branch",
        "line": 59,
        "loc": { "start": { "line": 59, "column": 2 }, "end": { "line": 65, "column": 3 } },
        "locations": [{ "start": { "line": 59, "column": 2 }, "end": { "line": 65, "column": 3 } }]
      },
      "9": {
        "type": "branch",
        "line": 61,
        "loc": { "start": { "line": 61, "column": 50 }, "end": { "line": 63, "column": 5 } },
        "locations": [{ "start": { "line": 61, "column": 50 }, "end": { "line": 63, "column": 5 } }]
      },
      "10": {
        "type": "branch",
        "line": 67,
        "loc": { "start": { "line": 67, "column": 2 }, "end": { "line": 89, "column": 3 } },
        "locations": [{ "start": { "line": 67, "column": 2 }, "end": { "line": 89, "column": 3 } }]
      },
      "11": {
        "type": "branch",
        "line": 69,
        "loc": { "start": { "line": 69, "column": 27 }, "end": { "line": 71, "column": 5 } },
        "locations": [{ "start": { "line": 69, "column": 27 }, "end": { "line": 71, "column": 5 } }]
      },
      "12": {
        "type": "branch",
        "line": 72,
        "loc": { "start": { "line": 72, "column": 21 }, "end": { "line": 74, "column": 5 } },
        "locations": [{ "start": { "line": 72, "column": 21 }, "end": { "line": 74, "column": 5 } }]
      },
      "13": {
        "type": "branch",
        "line": 74,
        "loc": { "start": { "line": 74, "column": 4 }, "end": { "line": 88, "column": 29 } },
        "locations": [{ "start": { "line": 74, "column": 4 }, "end": { "line": 88, "column": 29 } }]
      },
      "14": {
        "type": "branch",
        "line": 77,
        "loc": { "start": { "line": 77, "column": 42 }, "end": { "line": 80, "column": 5 } },
        "locations": [{ "start": { "line": 77, "column": 42 }, "end": { "line": 80, "column": 5 } }]
      },
      "15": {
        "type": "branch",
        "line": 78,
        "loc": { "start": { "line": 78, "column": 26 }, "end": { "line": 78, "column": 48 } },
        "locations": [
          { "start": { "line": 78, "column": 26 }, "end": { "line": 78, "column": 48 } }
        ]
      },
      "16": {
        "type": "branch",
        "line": 80,
        "loc": { "start": { "line": 80, "column": 15 }, "end": { "line": 86, "column": 5 } },
        "locations": [{ "start": { "line": 80, "column": 15 }, "end": { "line": 86, "column": 5 } }]
      },
      "17": {
        "type": "branch",
        "line": 91,
        "loc": { "start": { "line": 91, "column": 2 }, "end": { "line": 107, "column": 3 } },
        "locations": [{ "start": { "line": 91, "column": 2 }, "end": { "line": 107, "column": 3 } }]
      },
      "18": {
        "type": "branch",
        "line": 101,
        "loc": { "start": { "line": 101, "column": 63 }, "end": { "line": 103, "column": 5 } },
        "locations": [
          { "start": { "line": 101, "column": 63 }, "end": { "line": 103, "column": 5 } }
        ]
      },
      "19": {
        "type": "branch",
        "line": 109,
        "loc": { "start": { "line": 109, "column": 10 }, "end": { "line": 150, "column": 3 } },
        "locations": [
          { "start": { "line": 109, "column": 10 }, "end": { "line": 150, "column": 3 } }
        ]
      },
      "20": {
        "type": "branch",
        "line": 110,
        "loc": { "start": { "line": 110, "column": 21 }, "end": { "line": 112, "column": 5 } },
        "locations": [
          { "start": { "line": 110, "column": 21 }, "end": { "line": 112, "column": 5 } }
        ]
      },
      "21": {
        "type": "branch",
        "line": 112,
        "loc": { "start": { "line": 112, "column": 4 }, "end": { "line": 113, "column": 20 } },
        "locations": [
          { "start": { "line": 112, "column": 4 }, "end": { "line": 113, "column": 20 } }
        ]
      },
      "22": {
        "type": "branch",
        "line": 113,
        "loc": { "start": { "line": 113, "column": 20 }, "end": { "line": 115, "column": 5 } },
        "locations": [
          { "start": { "line": 113, "column": 20 }, "end": { "line": 115, "column": 5 } }
        ]
      },
      "23": {
        "type": "branch",
        "line": 115,
        "loc": { "start": { "line": 115, "column": 4 }, "end": { "line": 123, "column": 39 } },
        "locations": [
          { "start": { "line": 115, "column": 4 }, "end": { "line": 123, "column": 39 } }
        ]
      },
      "24": {
        "type": "branch",
        "line": 123,
        "loc": { "start": { "line": 123, "column": 29 }, "end": { "line": 123, "column": 75 } },
        "locations": [
          { "start": { "line": 123, "column": 29 }, "end": { "line": 123, "column": 75 } }
        ]
      },
      "25": {
        "type": "branch",
        "line": 123,
        "loc": { "start": { "line": 123, "column": 61 }, "end": { "line": 123, "column": 86 } },
        "locations": [
          { "start": { "line": 123, "column": 61 }, "end": { "line": 123, "column": 86 } }
        ]
      },
      "26": {
        "type": "branch",
        "line": 130,
        "loc": { "start": { "line": 130, "column": 28 }, "end": { "line": 130, "column": 71 } },
        "locations": [
          { "start": { "line": 130, "column": 28 }, "end": { "line": 130, "column": 71 } }
        ]
      },
      "27": {
        "type": "branch",
        "line": 139,
        "loc": { "start": { "line": 139, "column": 22 }, "end": { "line": 146, "column": 5 } },
        "locations": [
          { "start": { "line": 139, "column": 22 }, "end": { "line": 146, "column": 5 } }
        ]
      },
      "28": {
        "type": "branch",
        "line": 141,
        "loc": { "start": { "line": 141, "column": 77 }, "end": { "line": 141, "column": 93 } },
        "locations": [
          { "start": { "line": 141, "column": 77 }, "end": { "line": 141, "column": 93 } }
        ]
      },
      "29": {
        "type": "branch",
        "line": 152,
        "loc": { "start": { "line": 152, "column": 10 }, "end": { "line": 166, "column": 3 } },
        "locations": [
          { "start": { "line": 152, "column": 10 }, "end": { "line": 166, "column": 3 } }
        ]
      },
      "30": {
        "type": "branch",
        "line": 154,
        "loc": { "start": { "line": 154, "column": 17 }, "end": { "line": 165, "column": 5 } },
        "locations": [
          { "start": { "line": 154, "column": 17 }, "end": { "line": 165, "column": 5 } }
        ]
      },
      "31": {
        "type": "branch",
        "line": 156,
        "loc": { "start": { "line": 156, "column": 28 }, "end": { "line": 161, "column": 17 } },
        "locations": [
          { "start": { "line": 156, "column": 28 }, "end": { "line": 161, "column": 17 } }
        ]
      },
      "32": {
        "type": "branch",
        "line": 161,
        "loc": { "start": { "line": 161, "column": 17 }, "end": { "line": 163, "column": 7 } },
        "locations": [
          { "start": { "line": 161, "column": 17 }, "end": { "line": 163, "column": 7 } }
        ]
      },
      "33": {
        "type": "branch",
        "line": 163,
        "loc": { "start": { "line": 163, "column": 6 }, "end": { "line": 165, "column": 5 } },
        "locations": [
          { "start": { "line": 163, "column": 6 }, "end": { "line": 165, "column": 5 } }
        ]
      },
      "34": {
        "type": "branch",
        "line": 168,
        "loc": { "start": { "line": 168, "column": 10 }, "end": { "line": 203, "column": 3 } },
        "locations": [
          { "start": { "line": 168, "column": 10 }, "end": { "line": 203, "column": 3 } }
        ]
      },
      "35": {
        "type": "branch",
        "line": 172,
        "loc": { "start": { "line": 172, "column": 4 }, "end": { "line": 179, "column": 5 } },
        "locations": [
          { "start": { "line": 172, "column": 4 }, "end": { "line": 179, "column": 5 } }
        ]
      },
      "36": {
        "type": "branch",
        "line": 179,
        "loc": { "start": { "line": 179, "column": 4 }, "end": { "line": 181, "column": 40 } },
        "locations": [
          { "start": { "line": 179, "column": 4 }, "end": { "line": 181, "column": 40 } }
        ]
      },
      "37": {
        "type": "branch",
        "line": 181,
        "loc": { "start": { "line": 181, "column": 40 }, "end": { "line": 183, "column": 5 } },
        "locations": [
          { "start": { "line": 181, "column": 40 }, "end": { "line": 183, "column": 5 } }
        ]
      },
      "38": {
        "type": "branch",
        "line": 183,
        "loc": { "start": { "line": 183, "column": 4 }, "end": { "line": 186, "column": 18 } },
        "locations": [
          { "start": { "line": 183, "column": 4 }, "end": { "line": 186, "column": 18 } }
        ]
      },
      "39": {
        "type": "branch",
        "line": 186,
        "loc": { "start": { "line": 186, "column": 18 }, "end": { "line": 188, "column": 5 } },
        "locations": [
          { "start": { "line": 186, "column": 18 }, "end": { "line": 188, "column": 5 } }
        ]
      },
      "40": {
        "type": "branch",
        "line": 188,
        "loc": { "start": { "line": 188, "column": 4 }, "end": { "line": 191, "column": 23 } },
        "locations": [
          { "start": { "line": 188, "column": 4 }, "end": { "line": 191, "column": 23 } }
        ]
      },
      "41": {
        "type": "branch",
        "line": 191,
        "loc": { "start": { "line": 191, "column": 23 }, "end": { "line": 196, "column": 5 } },
        "locations": [
          { "start": { "line": 191, "column": 23 }, "end": { "line": 196, "column": 5 } }
        ]
      },
      "42": {
        "type": "branch",
        "line": 193,
        "loc": { "start": { "line": 193, "column": 32 }, "end": { "line": 193, "column": 97 } },
        "locations": [
          { "start": { "line": 193, "column": 32 }, "end": { "line": 193, "column": 97 } }
        ]
      },
      "43": {
        "type": "branch",
        "line": 196,
        "loc": { "start": { "line": 196, "column": 4 }, "end": { "line": 202, "column": 7 } },
        "locations": [
          { "start": { "line": 196, "column": 4 }, "end": { "line": 202, "column": 7 } }
        ]
      },
      "44": {
        "type": "branch",
        "line": 205,
        "loc": { "start": { "line": 205, "column": 10 }, "end": { "line": 210, "column": 3 } },
        "locations": [
          { "start": { "line": 205, "column": 10 }, "end": { "line": 210, "column": 3 } }
        ]
      },
      "45": {
        "type": "branch",
        "line": 206,
        "loc": { "start": { "line": 206, "column": 49 }, "end": { "line": 208, "column": 5 } },
        "locations": [
          { "start": { "line": 206, "column": 49 }, "end": { "line": 208, "column": 5 } }
        ]
      },
      "46": {
        "type": "branch",
        "line": 212,
        "loc": { "start": { "line": 212, "column": 10 }, "end": { "line": 229, "column": 3 } },
        "locations": [
          { "start": { "line": 212, "column": 10 }, "end": { "line": 229, "column": 3 } }
        ]
      },
      "47": {
        "type": "branch",
        "line": 213,
        "loc": { "start": { "line": 213, "column": 25 }, "end": { "line": 213, "column": 72 } },
        "locations": [
          { "start": { "line": 213, "column": 25 }, "end": { "line": 213, "column": 72 } }
        ]
      },
      "48": {
        "type": "branch",
        "line": 218,
        "loc": { "start": { "line": 218, "column": 19 }, "end": { "line": 218, "column": 33 } },
        "locations": [
          { "start": { "line": 218, "column": 19 }, "end": { "line": 218, "column": 33 } }
        ]
      },
      "49": {
        "type": "branch",
        "line": 221,
        "loc": { "start": { "line": 221, "column": 4 }, "end": { "line": 223, "column": 74 } },
        "locations": [
          { "start": { "line": 221, "column": 4 }, "end": { "line": 223, "column": 74 } }
        ]
      }
    },
    "b": {
      "0": [8],
      "1": [8],
      "2": [6],
      "3": [2],
      "4": [1],
      "5": [2],
      "6": [1],
      "7": [0],
      "8": [1],
      "9": [0],
      "10": [7],
      "11": [0],
      "12": [1],
      "13": [6],
      "14": [6],
      "15": [6],
      "16": [6],
      "17": [9],
      "18": [8],
      "19": [9],
      "20": [1],
      "21": [8],
      "22": [2],
      "23": [6],
      "24": [0],
      "25": [6],
      "26": [7],
      "27": [6],
      "28": [0],
      "29": [7],
      "30": [14],
      "31": [7],
      "32": [0],
      "33": [7],
      "34": [7],
      "35": [1],
      "36": [6],
      "37": [0],
      "38": [6],
      "39": [0],
      "40": [6],
      "41": [1],
      "42": [0],
      "43": [5],
      "44": [13],
      "45": [2],
      "46": [6],
      "47": [0],
      "48": [0],
      "49": [0]
    },
    "fnMap": {
      "0": {
        "name": "<instance_members_initializer>",
        "decl": { "start": { "line": 15, "column": 11 }, "end": { "line": 31, "column": 52 } },
        "loc": { "start": { "line": 15, "column": 11 }, "end": { "line": 31, "column": 52 } },
        "line": 15
      },
      "1": {
        "name": "NodePostcssGoService",
        "decl": { "start": { "line": 33, "column": 2 }, "end": { "line": 37, "column": 3 } },
        "loc": { "start": { "line": 33, "column": 2 }, "end": { "line": 37, "column": 3 } },
        "line": 33
      },
      "2": {
        "name": "parse",
        "decl": { "start": { "line": 39, "column": 2 }, "end": { "line": 45, "column": 3 } },
        "loc": { "start": { "line": 39, "column": 2 }, "end": { "line": 45, "column": 3 } },
        "line": 39
      },
      "3": {
        "name": "process",
        "decl": { "start": { "line": 47, "column": 2 }, "end": { "line": 57, "column": 3 } },
        "loc": { "start": { "line": 47, "column": 2 }, "end": { "line": 57, "column": 3 } },
        "line": 47
      },
      "4": {
        "name": "stringify",
        "decl": { "start": { "line": 59, "column": 2 }, "end": { "line": 65, "column": 3 } },
        "loc": { "start": { "line": 59, "column": 2 }, "end": { "line": 65, "column": 3 } },
        "line": 59
      },
      "5": {
        "name": "close",
        "decl": { "start": { "line": 67, "column": 2 }, "end": { "line": 89, "column": 3 } },
        "loc": { "start": { "line": 67, "column": 2 }, "end": { "line": 89, "column": 3 } },
        "line": 67
      },
      "6": {
        "name": "invoke",
        "decl": { "start": { "line": 91, "column": 2 }, "end": { "line": 107, "column": 3 } },
        "loc": { "start": { "line": 91, "column": 2 }, "end": { "line": 107, "column": 3 } },
        "line": 91
      },
      "7": {
        "name": "ensureChild",
        "decl": { "start": { "line": 109, "column": 10 }, "end": { "line": 150, "column": 3 } },
        "loc": { "start": { "line": 109, "column": 10 }, "end": { "line": 150, "column": 3 } },
        "line": 109
      },
      "8": {
        "name": "handleStdout",
        "decl": { "start": { "line": 152, "column": 10 }, "end": { "line": 166, "column": 3 } },
        "loc": { "start": { "line": 152, "column": 10 }, "end": { "line": 166, "column": 3 } },
        "line": 152
      },
      "9": {
        "name": "handleMessage",
        "decl": { "start": { "line": 168, "column": 10 }, "end": { "line": 203, "column": 3 } },
        "loc": { "start": { "line": 168, "column": 10 }, "end": { "line": 203, "column": 3 } },
        "line": 168
      },
      "10": {
        "name": "rejectAllPending",
        "decl": { "start": { "line": 205, "column": 10 }, "end": { "line": 210, "column": 3 } },
        "loc": { "start": { "line": 205, "column": 10 }, "end": { "line": 210, "column": 3 } },
        "line": 205
      },
      "11": {
        "name": "resolveCommand",
        "decl": { "start": { "line": 212, "column": 10 }, "end": { "line": 229, "column": 3 } },
        "loc": { "start": { "line": 212, "column": 10 }, "end": { "line": 229, "column": 3 } },
        "line": 212
      },
      "12": {
        "name": "defaultRepositoryRoot",
        "decl": { "start": { "line": 274, "column": 0 }, "end": { "line": 277, "column": 1 } },
        "loc": { "start": { "line": 274, "column": 0 }, "end": { "line": 277, "column": 1 } },
        "line": 274
      }
    },
    "f": {
      "0": 8,
      "1": 8,
      "2": 6,
      "3": 2,
      "4": 1,
      "5": 7,
      "6": 9,
      "7": 9,
      "8": 7,
      "9": 7,
      "10": 13,
      "11": 6,
      "12": 0
    }
  },
  "/Users/eryue0220/cin/eryue/css/postcss-go/packages/postcss-go/src/service.ts": {
    "path": "/Users/eryue0220/cin/eryue/css/postcss-go/packages/postcss-go/src/service.ts",
    "all": false,
    "statementMap": {
      "9": { "start": { "line": 10, "column": 0 }, "end": { "line": 10, "column": 52 } },
      "10": { "start": { "line": 11, "column": 0 }, "end": { "line": 11, "column": 32 } },
      "11": { "start": { "line": 12, "column": 0 }, "end": { "line": 12, "column": 19 } },
      "12": { "start": { "line": 13, "column": 0 }, "end": { "line": 13, "column": 42 } },
      "13": { "start": { "line": 14, "column": 0 }, "end": { "line": 14, "column": 3 } },
      "14": { "start": { "line": 15, "column": 0 }, "end": { "line": 15, "column": 1 } }
    },
    "s": { "9": 1, "10": 1, "11": 3, "12": 3, "13": 3, "14": 1 },
    "branchMap": {
      "0": {
        "type": "branch",
        "line": 11,
        "loc": { "start": { "line": 11, "column": 2 }, "end": { "line": 14, "column": 3 } },
        "locations": [{ "start": { "line": 11, "column": 2 }, "end": { "line": 14, "column": 3 } }]
      }
    },
    "b": { "0": [3] },
    "fnMap": {
      "0": {
        "name": "UnsupportedServiceError",
        "decl": { "start": { "line": 11, "column": 2 }, "end": { "line": 14, "column": 3 } },
        "loc": { "start": { "line": 11, "column": 2 }, "end": { "line": 14, "column": 3 } },
        "line": 11
      }
    },
    "f": { "0": 3 }
  },
  "/Users/eryue0220/cin/eryue/css/postcss-go/packages/postcss-go/src/types.ts": {
    "path": "/Users/eryue0220/cin/eryue/css/postcss-go/packages/postcss-go/src/types.ts",
    "all": true,
    "statementMap": {},
    "s": {},
    "branchMap": {
      "0": {
        "type": "branch",
        "line": 1,
        "loc": { "start": { "line": 1, "column": 1153 }, "end": { "line": 69, "column": 1 } },
        "locations": [
          { "start": { "line": 1, "column": 1153 }, "end": { "line": 69, "column": 1 } }
        ]
      }
    },
    "b": { "0": [1] },
    "fnMap": {
      "0": {
        "name": "(empty-report)",
        "decl": { "start": { "line": 1, "column": 1153 }, "end": { "line": 69, "column": 1 } },
        "loc": { "start": { "line": 1, "column": 1153 }, "end": { "line": 69, "column": 1 } },
        "line": 1
      }
    },
    "f": { "0": 1 }
  }
}
