{
  "/Users/eryue0220/cin/eryue/css/postcss-go/packages/postcss-compat/bridge-client.cjs": {
    "path": "/Users/eryue0220/cin/eryue/css/postcss-go/packages/postcss-compat/bridge-client.cjs",
    "all": false,
    "statementMap": {
      "0": { "start": { "line": 1, "column": 0 }, "end": { "line": 1, "column": 13 } },
      "2": { "start": { "line": 3, "column": 0 }, "end": { "line": 3, "column": 48 } },
      "3": { "start": { "line": 4, "column": 0 }, "end": { "line": 4, "column": 30 } },
      "4": { "start": { "line": 5, "column": 0 }, "end": { "line": 5, "column": 34 } },
      "6": { "start": { "line": 7, "column": 0 }, "end": { "line": 7, "column": 17 } },
      "7": { "start": { "line": 8, "column": 0 }, "end": { "line": 8, "column": 20 } },
      "8": { "start": { "line": 9, "column": 0 }, "end": { "line": 9, "column": 15 } },
      "9": { "start": { "line": 10, "column": 0 }, "end": { "line": 10, "column": 22 } },
      "11": { "start": { "line": 12, "column": 0 }, "end": { "line": 12, "column": 27 } },
      "12": { "start": { "line": 13, "column": 0 }, "end": { "line": 13, "column": 42 } },
      "13": { "start": { "line": 14, "column": 0 }, "end": { "line": 14, "column": 1 } },
      "15": { "start": { "line": 16, "column": 0 }, "end": { "line": 16, "column": 24 } },
      "16": { "start": { "line": 17, "column": 0 }, "end": { "line": 17, "column": 14 } },
      "17": { "start": { "line": 18, "column": 0 }, "end": { "line": 18, "column": 17 } },
      "18": { "start": { "line": 19, "column": 0 }, "end": { "line": 19, "column": 3 } },
      "20": { "start": { "line": 21, "column": 0 }, "end": { "line": 21, "column": 61 } },
      "21": { "start": { "line": 22, "column": 0 }, "end": { "line": 22, "column": 26 } },
      "22": { "start": { "line": 23, "column": 0 }, "end": { "line": 23, "column": 36 } },
      "23": { "start": { "line": 24, "column": 0 }, "end": { "line": 24, "column": 5 } },
      "25": { "start": { "line": 26, "column": 0 }, "end": { "line": 26, "column": 29 } },
      "26": { "start": { "line": 27, "column": 0 }, "end": { "line": 27, "column": 38 } },
      "27": { "start": { "line": 28, "column": 0 }, "end": { "line": 28, "column": 32 } },
      "28": { "start": { "line": 29, "column": 0 }, "end": { "line": 29, "column": 5 } },
      "29": { "start": { "line": 30, "column": 0 }, "end": { "line": 30, "column": 27 } },
      "30": { "start": { "line": 31, "column": 0 }, "end": { "line": 31, "column": 17 } },
      "31": { "start": { "line": 32, "column": 0 }, "end": { "line": 32, "column": 20 } },
      "32": { "start": { "line": 33, "column": 0 }, "end": { "line": 33, "column": 22 } },
      "33": { "start": { "line": 34, "column": 0 }, "end": { "line": 34, "column": 5 } },
      "35": { "start": { "line": 36, "column": 0 }, "end": { "line": 36, "column": 15 } },
      "36": { "start": { "line": 37, "column": 0 }, "end": { "line": 37, "column": 1 } },
      "38": { "start": { "line": 39, "column": 0 }, "end": { "line": 39, "column": 25 } },
      "39": { "start": { "line": 40, "column": 0 }, "end": { "line": 40, "column": 16 } },
      "41": { "start": { "line": 42, "column": 0 }, "end": { "line": 42, "column": 16 } },
      "42": { "start": { "line": 43, "column": 0 }, "end": { "line": 43, "column": 52 } },
      "43": { "start": { "line": 44, "column": 0 }, "end": { "line": 44, "column": 28 } },
      "44": { "start": { "line": 45, "column": 0 }, "end": { "line": 45, "column": 55 } },
      "45": { "start": { "line": 46, "column": 0 }, "end": { "line": 46, "column": 58 } },
      "46": { "start": { "line": 47, "column": 0 }, "end": { "line": 47, "column": 18 } },
      "47": { "start": { "line": 48, "column": 0 }, "end": { "line": 48, "column": 5 } },
      "49": { "start": { "line": 50, "column": 0 }, "end": { "line": 50, "column": 37 } },
      "50": { "start": { "line": 51, "column": 0 }, "end": { "line": 51, "column": 74 } },
      "51": { "start": { "line": 52, "column": 0 }, "end": { "line": 52, "column": 25 } },
      "52": { "start": { "line": 53, "column": 0 }, "end": { "line": 53, "column": 70 } },
      "53": { "start": { "line": 54, "column": 0 }, "end": { "line": 54, "column": 5 } },
      "54": { "start": { "line": 55, "column": 0 }, "end": { "line": 55, "column": 57 } },
      "55": { "start": { "line": 56, "column": 0 }, "end": { "line": 56, "column": 3 } },
      "56": { "start": { "line": 57, "column": 0 }, "end": { "line": 57, "column": 1 } },
      "58": { "start": { "line": 59, "column": 0 }, "end": { "line": 59, "column": 35 } },
      "59": { "start": { "line": 60, "column": 0 }, "end": { "line": 60, "column": 22 } },
      "60": { "start": { "line": 61, "column": 0 }, "end": { "line": 61, "column": 19 } },
      "61": { "start": { "line": 62, "column": 0 }, "end": { "line": 62, "column": 19 } },
      "62": { "start": { "line": 63, "column": 0 }, "end": { "line": 63, "column": 7 } },
      "63": { "start": { "line": 64, "column": 0 }, "end": { "line": 64, "column": 11 } },
      "64": { "start": { "line": 65, "column": 0 }, "end": { "line": 65, "column": 11 } },
      "65": { "start": { "line": 66, "column": 0 }, "end": { "line": 66, "column": 4 } },
      "67": { "start": { "line": 68, "column": 0 }, "end": { "line": 68, "column": 60 } },
      "69": { "start": { "line": 70, "column": 0 }, "end": { "line": 70, "column": 16 } },
      "70": { "start": { "line": 71, "column": 0 }, "end": { "line": 71, "column": 39 } },
      "71": { "start": { "line": 72, "column": 0 }, "end": { "line": 72, "column": 16 } },
      "72": { "start": { "line": 73, "column": 0 }, "end": { "line": 73, "column": 15 } },
      "73": { "start": { "line": 74, "column": 0 }, "end": { "line": 74, "column": 5 } },
      "75": { "start": { "line": 76, "column": 0 }, "end": { "line": 76, "column": 37 } },
      "76": { "start": { "line": 77, "column": 0 }, "end": { "line": 77, "column": 28 } },
      "77": { "start": { "line": 78, "column": 0 }, "end": { "line": 78, "column": 15 } },
      "78": { "start": { "line": 79, "column": 0 }, "end": { "line": 79, "column": 5 } },
      "79": { "start": { "line": 80, "column": 0 }, "end": { "line": 80, "column": 24 } },
      "80": { "start": { "line": 81, "column": 0 }, "end": { "line": 81, "column": 82 } },
      "81": { "start": { "line": 82, "column": 0 }, "end": { "line": 82, "column": 36 } },
      "82": { "start": { "line": 83, "column": 0 }, "end": { "line": 83, "column": 18 } },
      "83": { "start": { "line": 84, "column": 0 }, "end": { "line": 84, "column": 5 } },
      "84": { "start": { "line": 85, "column": 0 }, "end": { "line": 85, "column": 26 } },
      "85": { "start": { "line": 86, "column": 0 }, "end": { "line": 86, "column": 3 } },
      "86": { "start": { "line": 87, "column": 0 }, "end": { "line": 87, "column": 1 } },
      "88": { "start": { "line": 89, "column": 0 }, "end": { "line": 89, "column": 18 } },
      "89": { "start": { "line": 90, "column": 0 }, "end": { "line": 90, "column": 11 } },
      "90": { "start": { "line": 91, "column": 0 }, "end": { "line": 91, "column": 11 } },
      "91": { "start": { "line": 92, "column": 0 }, "end": { "line": 92, "column": 16 } },
      "92": { "start": { "line": 93, "column": 0 }, "end": { "line": 93, "column": 19 } },
      "93": { "start": { "line": 94, "column": 0 }, "end": { "line": 94, "column": 19 } },
      "94": { "start": { "line": 95, "column": 0 }, "end": { "line": 95, "column": 22 } },
      "95": { "start": { "line": 96, "column": 0 }, "end": { "line": 96, "column": 24 } },
      "96": { "start": { "line": 97, "column": 0 }, "end": { "line": 97, "column": 5 } },
      "97": { "start": { "line": 98, "column": 0 }, "end": { "line": 98, "column": 4 } },
      "98": { "start": { "line": 99, "column": 0 }, "end": { "line": 99, "column": 2 } }
    },
    "s": {
      "0": 2,
      "2": 2,
      "3": 2,
      "4": 2,
      "6": 2,
      "7": 2,
      "8": 2,
      "9": 2,
      "11": 2,
      "12": 2,
      "13": 2,
      "15": 4,
      "16": 4,
      "17": 2,
      "18": 2,
      "20": 2,
      "21": 2,
      "22": 2,
      "23": 2,
      "25": 2,
      "26": 2,
      "27": 0,
      "28": 2,
      "29": 2,
      "30": 2,
      "31": 2,
      "32": 2,
      "33": 2,
      "35": 2,
      "36": 4,
      "38": 2,
      "39": 2,
      "41": 2,
      "42": 4,
      "43": 4,
      "44": 2,
      "45": 2,
      "46": 2,
      "47": 2,
      "49": 2,
      "50": 2,
      "51": 4,
      "52": 0,
      "53": 4,
      "54": 2,
      "55": 2,
      "56": 2,
      "58": 2,
      "59": 2,
      "60": 2,
      "61": 2,
      "62": 2,
      "63": 2,
      "64": 2,
      "65": 2,
      "67": 2,
      "69": 2,
      "70": 2,
      "71": 2,
      "72": 0,
      "73": 2,
      "75": 2,
      "76": 2,
      "77": 0,
      "78": 2,
      "79": 2,
      "80": 1,
      "81": 1,
      "82": 1,
      "83": 1,
      "84": 2,
      "85": 2,
      "86": 2,
      "88": 2,
      "89": 2,
      "90": 3,
      "91": 3,
      "92": 2,
      "93": 2,
      "94": 2,
      "95": 2,
      "96": 2,
      "97": 1,
      "98": 1
    },
    "branchMap": {
      "0": {
        "type": "branch",
        "line": 1,
        "loc": { "start": { "line": 1, "column": 0 }, "end": { "line": 98, "column": 2 } },
        "locations": [{ "start": { "line": 1, "column": 0 }, "end": { "line": 98, "column": 2 } }]
      },
      "1": {
        "type": "branch",
        "line": 12,
        "loc": { "start": { "line": 12, "column": 0 }, "end": { "line": 14, "column": 1 } },
        "locations": [{ "start": { "line": 12, "column": 0 }, "end": { "line": 14, "column": 1 } }]
      },
      "2": {
        "type": "branch",
        "line": 16,
        "loc": { "start": { "line": 16, "column": 0 }, "end": { "line": 37, "column": 1 } },
        "locations": [{ "start": { "line": 16, "column": 0 }, "end": { "line": 37, "column": 1 } }]
      },
      "3": {
        "type": "branch",
        "line": 17,
        "loc": { "start": { "line": 17, "column": 13 }, "end": { "line": 36, "column": 15 } },
        "locations": [
          { "start": { "line": 17, "column": 13 }, "end": { "line": 36, "column": 15 } }
        ]
      },
      "4": {
        "type": "branch",
        "line": 30,
        "loc": { "start": { "line": 30, "column": 19 }, "end": { "line": 34, "column": 2 } },
        "locations": [{ "start": { "line": 30, "column": 19 }, "end": { "line": 34, "column": 2 } }]
      },
      "5": {
        "type": "branch",
        "line": 42,
        "loc": { "start": { "line": 42, "column": 14 }, "end": { "line": 56, "column": 2 } },
        "locations": [{ "start": { "line": 42, "column": 14 }, "end": { "line": 56, "column": 2 } }]
      },
      "6": {
        "type": "branch",
        "line": 44,
        "loc": { "start": { "line": 44, "column": 26 }, "end": { "line": 52, "column": 22 } },
        "locations": [
          { "start": { "line": 44, "column": 26 }, "end": { "line": 52, "column": 22 } }
        ]
      },
      "7": {
        "type": "branch",
        "line": 52,
        "loc": { "start": { "line": 52, "column": 22 }, "end": { "line": 54, "column": 3 } },
        "locations": [{ "start": { "line": 52, "column": 22 }, "end": { "line": 54, "column": 3 } }]
      },
      "8": {
        "type": "branch",
        "line": 54,
        "loc": { "start": { "line": 54, "column": 3 }, "end": { "line": 56, "column": 2 } },
        "locations": [{ "start": { "line": 54, "column": 3 }, "end": { "line": 56, "column": 2 } }]
      },
      "9": {
        "type": "branch",
        "line": 57,
        "loc": { "start": { "line": 57, "column": 0 }, "end": { "line": 85, "column": 26 } },
        "locations": [{ "start": { "line": 57, "column": 0 }, "end": { "line": 85, "column": 26 } }]
      },
      "10": {
        "type": "branch",
        "line": 72,
        "loc": { "start": { "line": 72, "column": 9 }, "end": { "line": 74, "column": 2 } },
        "locations": [{ "start": { "line": 72, "column": 9 }, "end": { "line": 74, "column": 2 } }]
      },
      "11": {
        "type": "branch",
        "line": 77,
        "loc": { "start": { "line": 77, "column": 23 }, "end": { "line": 79, "column": 2 } },
        "locations": [{ "start": { "line": 77, "column": 23 }, "end": { "line": 79, "column": 2 } }]
      },
      "12": {
        "type": "branch",
        "line": 80,
        "loc": { "start": { "line": 80, "column": 16 }, "end": { "line": 85, "column": 25 } },
        "locations": [
          { "start": { "line": 80, "column": 16 }, "end": { "line": 85, "column": 25 } }
        ]
      },
      "13": {
        "type": "branch",
        "line": 81,
        "loc": { "start": { "line": 81, "column": 44 }, "end": { "line": 81, "column": 79 } },
        "locations": [
          { "start": { "line": 81, "column": 44 }, "end": { "line": 81, "column": 79 } }
        ]
      },
      "14": {
        "type": "branch",
        "line": 90,
        "loc": { "start": { "line": 90, "column": 2 }, "end": { "line": 97, "column": 3 } },
        "locations": [{ "start": { "line": 90, "column": 2 }, "end": { "line": 97, "column": 3 } }]
      },
      "15": {
        "type": "branch",
        "line": 92,
        "loc": { "start": { "line": 92, "column": 8 }, "end": { "line": 96, "column": 24 } },
        "locations": [{ "start": { "line": 92, "column": 8 }, "end": { "line": 96, "column": 24 } }]
      }
    },
    "b": {
      "0": [2],
      "1": [2],
      "2": [4],
      "3": [2],
      "4": [2],
      "5": [4],
      "6": [2],
      "7": [0],
      "8": [2],
      "9": [2],
      "10": [0],
      "11": [0],
      "12": [1],
      "13": [0],
      "14": [3],
      "15": [2]
    },
    "fnMap": {
      "0": {
        "name": "repositoryRoot",
        "decl": { "start": { "line": 12, "column": 0 }, "end": { "line": 14, "column": 1 } },
        "loc": { "start": { "line": 12, "column": 0 }, "end": { "line": 14, "column": 1 } },
        "line": 12
      },
      "1": {
        "name": "ensureChild",
        "decl": { "start": { "line": 16, "column": 0 }, "end": { "line": 37, "column": 1 } },
        "loc": { "start": { "line": 16, "column": 0 }, "end": { "line": 37, "column": 1 } },
        "line": 16
      },
      "2": {
        "name": "callSync",
        "decl": { "start": { "line": 57, "column": 0 }, "end": { "line": 85, "column": 26 } },
        "loc": { "start": { "line": 57, "column": 0 }, "end": { "line": 85, "column": 26 } },
        "line": 57
      },
      "3": {
        "name": "close",
        "decl": { "start": { "line": 90, "column": 2 }, "end": { "line": 97, "column": 3 } },
        "loc": { "start": { "line": 90, "column": 2 }, "end": { "line": 97, "column": 3 } },
        "line": 90
      }
    },
    "f": { "0": 2, "1": 4, "2": 2, "3": 3 }
  },
  "/Users/eryue0220/cin/eryue/css/postcss-go/packages/postcss-compat/register.cjs": {
    "path": "/Users/eryue0220/cin/eryue/css/postcss-go/packages/postcss-compat/register.cjs",
    "all": false,
    "statementMap": {
      "0": { "start": { "line": 1, "column": 0 }, "end": { "line": 1, "column": 13 } },
      "2": { "start": { "line": 3, "column": 0 }, "end": { "line": 3, "column": 84 } },
      "3": { "start": { "line": 4, "column": 0 }, "end": { "line": 4, "column": 43 } }
    },
    "s": { "0": 1, "2": 1, "3": 1 },
    "branchMap": {},
    "b": {},
    "fnMap": {},
    "f": {}
  },
  "/Users/eryue0220/cin/eryue/css/postcss-go/packages/postcss-compat/overrides/go/tokenize.js": {
    "path": "/Users/eryue0220/cin/eryue/css/postcss-go/packages/postcss-compat/overrides/go/tokenize.js",
    "all": true,
    "statementMap": {
      "0": { "start": { "line": 1, "column": 0 }, "end": { "line": 1, "column": 13 } },
      "2": { "start": { "line": 3, "column": 0 }, "end": { "line": 3, "column": 39 } },
      "3": { "start": { "line": 4, "column": 0 }, "end": { "line": 4, "column": 39 } },
      "4": { "start": { "line": 5, "column": 0 }, "end": { "line": 5, "column": 37 } },
      "5": { "start": { "line": 6, "column": 0 }, "end": { "line": 6, "column": 32 } },
      "6": { "start": { "line": 7, "column": 0 }, "end": { "line": 7, "column": 35 } },
      "7": { "start": { "line": 8, "column": 0 }, "end": { "line": 8, "column": 32 } },
      "8": { "start": { "line": 9, "column": 0 }, "end": { "line": 9, "column": 32 } },
      "9": { "start": { "line": 10, "column": 0 }, "end": { "line": 10, "column": 31 } },
      "10": { "start": { "line": 11, "column": 0 }, "end": { "line": 11, "column": 30 } },
      "11": { "start": { "line": 12, "column": 0 }, "end": { "line": 12, "column": 38 } },
      "12": { "start": { "line": 13, "column": 0 }, "end": { "line": 13, "column": 39 } },
      "13": { "start": { "line": 14, "column": 0 }, "end": { "line": 14, "column": 43 } },
      "14": { "start": { "line": 15, "column": 0 }, "end": { "line": 15, "column": 44 } },
      "15": { "start": { "line": 16, "column": 0 }, "end": { "line": 16, "column": 37 } },
      "16": { "start": { "line": 17, "column": 0 }, "end": { "line": 17, "column": 38 } },
      "17": { "start": { "line": 18, "column": 0 }, "end": { "line": 18, "column": 36 } },
      "18": { "start": { "line": 19, "column": 0 }, "end": { "line": 19, "column": 35 } },
      "19": { "start": { "line": 20, "column": 0 }, "end": { "line": 20, "column": 32 } },
      "20": { "start": { "line": 21, "column": 0 }, "end": { "line": 21, "column": 29 } },
      "22": { "start": { "line": 23, "column": 0 }, "end": { "line": 23, "column": 47 } },
      "23": { "start": { "line": 24, "column": 0 }, "end": { "line": 24, "column": 60 } },
      "24": { "start": { "line": 25, "column": 0 }, "end": { "line": 25, "column": 39 } },
      "25": { "start": { "line": 26, "column": 0 }, "end": { "line": 26, "column": 33 } },
      "27": { "start": { "line": 28, "column": 0 }, "end": { "line": 28, "column": 58 } },
      "28": { "start": { "line": 29, "column": 0 }, "end": { "line": 29, "column": 32 } },
      "29": { "start": { "line": 30, "column": 0 }, "end": { "line": 30, "column": 36 } },
      "31": { "start": { "line": 32, "column": 0 }, "end": { "line": 32, "column": 41 } },
      "32": { "start": { "line": 33, "column": 0 }, "end": { "line": 33, "column": 48 } },
      "34": { "start": { "line": 35, "column": 0 }, "end": { "line": 35, "column": 26 } },
      "35": { "start": { "line": 36, "column": 0 }, "end": { "line": 36, "column": 14 } },
      "36": { "start": { "line": 37, "column": 0 }, "end": { "line": 37, "column": 18 } },
      "37": { "start": { "line": 38, "column": 0 }, "end": { "line": 38, "column": 20 } },
      "38": { "start": { "line": 39, "column": 0 }, "end": { "line": 39, "column": 24 } },
      "40": { "start": { "line": 41, "column": 0 }, "end": { "line": 41, "column": 23 } },
      "41": { "start": { "line": 42, "column": 0 }, "end": { "line": 42, "column": 15 } },
      "42": { "start": { "line": 43, "column": 0 }, "end": { "line": 43, "column": 3 } },
      "44": { "start": { "line": 45, "column": 0 }, "end": { "line": 45, "column": 27 } },
      "45": { "start": { "line": 46, "column": 0 }, "end": { "line": 46, "column": 47 } },
      "46": { "start": { "line": 47, "column": 0 }, "end": { "line": 47, "column": 3 } },
      "48": { "start": { "line": 49, "column": 0 }, "end": { "line": 49, "column": 24 } },
      "49": { "start": { "line": 50, "column": 0 }, "end": { "line": 50, "column": 50 } },
      "50": { "start": { "line": 51, "column": 0 }, "end": { "line": 51, "column": 3 } },
      "52": { "start": { "line": 53, "column": 0 }, "end": { "line": 53, "column": 28 } },
      "53": { "start": { "line": 54, "column": 0 }, "end": { "line": 54, "column": 47 } },
      "54": { "start": { "line": 55, "column": 0 }, "end": { "line": 55, "column": 30 } },
      "56": { "start": { "line": 57, "column": 0 }, "end": { "line": 57, "column": 60 } },
      "58": { "start": { "line": 59, "column": 0 }, "end": { "line": 59, "column": 31 } },
      "60": { "start": { "line": 61, "column": 0 }, "end": { "line": 61, "column": 19 } },
      "61": { "start": { "line": 62, "column": 0 }, "end": { "line": 62, "column": 19 } },
      "62": { "start": { "line": 63, "column": 0 }, "end": { "line": 63, "column": 17 } },
      "63": { "start": { "line": 64, "column": 0 }, "end": { "line": 64, "column": 15 } },
      "64": { "start": { "line": 65, "column": 0 }, "end": { "line": 65, "column": 14 } },
      "65": { "start": { "line": 66, "column": 0 }, "end": { "line": 66, "column": 18 } },
      "66": { "start": { "line": 67, "column": 0 }, "end": { "line": 67, "column": 19 } },
      "67": { "start": { "line": 68, "column": 0 }, "end": { "line": 68, "column": 12 } },
      "68": { "start": { "line": 69, "column": 0 }, "end": { "line": 69, "column": 20 } },
      "69": { "start": { "line": 70, "column": 0 }, "end": { "line": 70, "column": 38 } },
      "70": { "start": { "line": 71, "column": 0 }, "end": { "line": 71, "column": 17 } },
      "71": { "start": { "line": 72, "column": 0 }, "end": { "line": 72, "column": 27 } },
      "72": { "start": { "line": 73, "column": 0 }, "end": { "line": 73, "column": 29 } },
      "73": { "start": { "line": 74, "column": 0 }, "end": { "line": 74, "column": 25 } },
      "74": { "start": { "line": 75, "column": 0 }, "end": { "line": 75, "column": 24 } },
      "75": { "start": { "line": 76, "column": 0 }, "end": { "line": 76, "column": 23 } },
      "76": { "start": { "line": 77, "column": 0 }, "end": { "line": 77, "column": 10 } },
      "78": { "start": { "line": 79, "column": 0 }, "end": { "line": 79, "column": 55 } },
      "79": { "start": { "line": 80, "column": 0 }, "end": { "line": 80, "column": 23 } },
      "80": { "start": { "line": 81, "column": 0 }, "end": { "line": 81, "column": 14 } },
      "81": { "start": { "line": 82, "column": 0 }, "end": { "line": 82, "column": 7 } },
      "83": { "start": { "line": 84, "column": 0 }, "end": { "line": 84, "column": 23 } },
      "84": { "start": { "line": 85, "column": 0 }, "end": { "line": 85, "column": 24 } },
      "85": { "start": { "line": 86, "column": 0 }, "end": { "line": 86, "column": 22 } },
      "86": { "start": { "line": 87, "column": 0 }, "end": { "line": 87, "column": 23 } },
      "87": { "start": { "line": 88, "column": 0 }, "end": { "line": 88, "column": 17 } },
      "88": { "start": { "line": 89, "column": 0 }, "end": { "line": 89, "column": 21 } },
      "89": { "start": { "line": 90, "column": 0 }, "end": { "line": 90, "column": 31 } },
      "90": { "start": { "line": 91, "column": 0 }, "end": { "line": 91, "column": 52 } },
      "91": { "start": { "line": 92, "column": 0 }, "end": { "line": 92, "column": 55 } },
      "92": { "start": { "line": 93, "column": 0 }, "end": { "line": 93, "column": 14 } },
      "93": { "start": { "line": 94, "column": 0 }, "end": { "line": 94, "column": 7 } },
      "95": { "start": { "line": 96, "column": 0 }, "end": { "line": 96, "column": 30 } },
      "96": { "start": { "line": 97, "column": 0 }, "end": { "line": 97, "column": 52 } },
      "97": { "start": { "line": 98, "column": 0 }, "end": { "line": 98, "column": 36 } },
      "98": { "start": { "line": 99, "column": 0 }, "end": { "line": 99, "column": 12 } },
      "99": { "start": { "line": 100, "column": 0 }, "end": { "line": 100, "column": 27 } },
      "100": { "start": { "line": 101, "column": 0 }, "end": { "line": 101, "column": 31 } },
      "101": { "start": { "line": 102, "column": 0 }, "end": { "line": 102, "column": 31 } },
      "102": { "start": { "line": 103, "column": 0 }, "end": { "line": 103, "column": 24 } },
      "103": { "start": { "line": 104, "column": 0 }, "end": { "line": 104, "column": 26 } },
      "104": { "start": { "line": 105, "column": 0 }, "end": { "line": 105, "column": 22 } },
      "105": { "start": { "line": 106, "column": 0 }, "end": { "line": 106, "column": 23 } },
      "106": { "start": { "line": 107, "column": 0 }, "end": { "line": 107, "column": 18 } },
      "107": { "start": { "line": 108, "column": 0 }, "end": { "line": 108, "column": 11 } },
      "108": { "start": { "line": 109, "column": 0 }, "end": { "line": 109, "column": 21 } },
      "109": { "start": { "line": 110, "column": 0 }, "end": { "line": 110, "column": 14 } },
      "110": { "start": { "line": 111, "column": 0 }, "end": { "line": 111, "column": 28 } },
      "111": { "start": { "line": 112, "column": 0 }, "end": { "line": 112, "column": 46 } },
      "112": { "start": { "line": 113, "column": 0 }, "end": { "line": 113, "column": 30 } },
      "113": { "start": { "line": 114, "column": 0 }, "end": { "line": 114, "column": 45 } },
      "114": { "start": { "line": 115, "column": 0 }, "end": { "line": 115, "column": 27 } },
      "115": { "start": { "line": 116, "column": 0 }, "end": { "line": 116, "column": 22 } },
      "116": { "start": { "line": 117, "column": 0 }, "end": { "line": 117, "column": 22 } },
      "117": { "start": { "line": 118, "column": 0 }, "end": { "line": 118, "column": 36 } },
      "118": { "start": { "line": 119, "column": 0 }, "end": { "line": 119, "column": 15 } },
      "119": { "start": { "line": 120, "column": 0 }, "end": { "line": 120, "column": 13 } },
      "120": { "start": { "line": 121, "column": 0 }, "end": { "line": 121, "column": 29 } },
      "121": { "start": { "line": 122, "column": 0 }, "end": { "line": 122, "column": 65 } },
      "122": { "start": { "line": 123, "column": 0 }, "end": { "line": 123, "column": 29 } },
      "123": { "start": { "line": 124, "column": 0 }, "end": { "line": 124, "column": 33 } },
      "124": { "start": { "line": 125, "column": 0 }, "end": { "line": 125, "column": 13 } },
      "125": { "start": { "line": 126, "column": 0 }, "end": { "line": 126, "column": 28 } },
      "127": { "start": { "line": 128, "column": 0 }, "end": { "line": 128, "column": 75 } },
      "129": { "start": { "line": 130, "column": 0 }, "end": { "line": 130, "column": 21 } },
      "130": { "start": { "line": 131, "column": 0 }, "end": { "line": 131, "column": 41 } },
      "131": { "start": { "line": 132, "column": 0 }, "end": { "line": 132, "column": 41 } },
      "132": { "start": { "line": 133, "column": 0 }, "end": { "line": 133, "column": 16 } },
      "133": { "start": { "line": 134, "column": 0 }, "end": { "line": 134, "column": 43 } },
      "134": { "start": { "line": 135, "column": 0 }, "end": { "line": 135, "column": 45 } },
      "136": { "start": { "line": 137, "column": 0 }, "end": { "line": 137, "column": 60 } },
      "137": { "start": { "line": 138, "column": 0 }, "end": { "line": 138, "column": 55 } },
      "138": { "start": { "line": 139, "column": 0 }, "end": { "line": 139, "column": 43 } },
      "139": { "start": { "line": 140, "column": 0 }, "end": { "line": 140, "column": 18 } },
      "140": { "start": { "line": 141, "column": 0 }, "end": { "line": 141, "column": 60 } },
      "141": { "start": { "line": 142, "column": 0 }, "end": { "line": 142, "column": 23 } },
      "142": { "start": { "line": 143, "column": 0 }, "end": { "line": 143, "column": 11 } },
      "143": { "start": { "line": 144, "column": 0 }, "end": { "line": 144, "column": 9 } },
      "145": { "start": { "line": 146, "column": 0 }, "end": { "line": 146, "column": 14 } },
      "146": { "start": { "line": 147, "column": 0 }, "end": { "line": 147, "column": 7 } },
      "148": { "start": { "line": 149, "column": 0 }, "end": { "line": 149, "column": 24 } },
      "149": { "start": { "line": 150, "column": 0 }, "end": { "line": 150, "column": 26 } },
      "150": { "start": { "line": 151, "column": 0 }, "end": { "line": 151, "column": 50 } },
      "151": { "start": { "line": 152, "column": 0 }, "end": { "line": 152, "column": 19 } },
      "152": { "start": { "line": 153, "column": 0 }, "end": { "line": 153, "column": 12 } },
      "153": { "start": { "line": 154, "column": 0 }, "end": { "line": 154, "column": 26 } },
      "154": { "start": { "line": 155, "column": 0 }, "end": { "line": 155, "column": 46 } },
      "155": { "start": { "line": 156, "column": 0 }, "end": { "line": 156, "column": 28 } },
      "156": { "start": { "line": 157, "column": 0 }, "end": { "line": 157, "column": 43 } },
      "157": { "start": { "line": 158, "column": 0 }, "end": { "line": 158, "column": 29 } },
      "158": { "start": { "line": 159, "column": 0 }, "end": { "line": 159, "column": 20 } },
      "159": { "start": { "line": 160, "column": 0 }, "end": { "line": 160, "column": 20 } },
      "160": { "start": { "line": 161, "column": 0 }, "end": { "line": 161, "column": 33 } },
      "161": { "start": { "line": 162, "column": 0 }, "end": { "line": 162, "column": 13 } },
      "162": { "start": { "line": 163, "column": 0 }, "end": { "line": 163, "column": 11 } },
      "163": { "start": { "line": 164, "column": 0 }, "end": { "line": 164, "column": 27 } },
      "164": { "start": { "line": 165, "column": 0 }, "end": { "line": 165, "column": 63 } },
      "165": { "start": { "line": 166, "column": 0 }, "end": { "line": 166, "column": 27 } },
      "166": { "start": { "line": 167, "column": 0 }, "end": { "line": 167, "column": 31 } },
      "167": { "start": { "line": 168, "column": 0 }, "end": { "line": 168, "column": 11 } },
      "168": { "start": { "line": 169, "column": 0 }, "end": { "line": 169, "column": 26 } },
      "170": { "start": { "line": 171, "column": 0 }, "end": { "line": 171, "column": 71 } },
      "171": { "start": { "line": 172, "column": 0 }, "end": { "line": 172, "column": 19 } },
      "172": { "start": { "line": 173, "column": 0 }, "end": { "line": 173, "column": 14 } },
      "173": { "start": { "line": 174, "column": 0 }, "end": { "line": 174, "column": 7 } },
      "175": { "start": { "line": 176, "column": 0 }, "end": { "line": 176, "column": 16 } },
      "176": { "start": { "line": 177, "column": 0 }, "end": { "line": 177, "column": 38 } },
      "177": { "start": { "line": 178, "column": 0 }, "end": { "line": 178, "column": 28 } },
      "178": { "start": { "line": 179, "column": 0 }, "end": { "line": 179, "column": 40 } },
      "179": { "start": { "line": 180, "column": 0 }, "end": { "line": 180, "column": 32 } },
      "180": { "start": { "line": 181, "column": 0 }, "end": { "line": 181, "column": 16 } },
      "181": { "start": { "line": 182, "column": 0 }, "end": { "line": 182, "column": 41 } },
      "182": { "start": { "line": 183, "column": 0 }, "end": { "line": 183, "column": 9 } },
      "184": { "start": { "line": 185, "column": 0 }, "end": { "line": 185, "column": 72 } },
      "186": { "start": { "line": 187, "column": 0 }, "end": { "line": 187, "column": 19 } },
      "187": { "start": { "line": 188, "column": 0 }, "end": { "line": 188, "column": 14 } },
      "188": { "start": { "line": 189, "column": 0 }, "end": { "line": 189, "column": 7 } },
      "190": { "start": { "line": 191, "column": 0 }, "end": { "line": 191, "column": 23 } },
      "191": { "start": { "line": 192, "column": 0 }, "end": { "line": 192, "column": 19 } },
      "192": { "start": { "line": 193, "column": 0 }, "end": { "line": 193, "column": 22 } },
      "193": { "start": { "line": 194, "column": 0 }, "end": { "line": 194, "column": 56 } },
      "194": { "start": { "line": 195, "column": 0 }, "end": { "line": 195, "column": 20 } },
      "195": { "start": { "line": 196, "column": 0 }, "end": { "line": 196, "column": 27 } },
      "196": { "start": { "line": 197, "column": 0 }, "end": { "line": 197, "column": 9 } },
      "197": { "start": { "line": 198, "column": 0 }, "end": { "line": 198, "column": 40 } },
      "198": { "start": { "line": 199, "column": 0 }, "end": { "line": 199, "column": 12 } },
      "199": { "start": { "line": 200, "column": 0 }, "end": { "line": 200, "column": 19 } },
      "200": { "start": { "line": 201, "column": 0 }, "end": { "line": 201, "column": 27 } },
      "201": { "start": { "line": 202, "column": 0 }, "end": { "line": 202, "column": 27 } },
      "202": { "start": { "line": 203, "column": 0 }, "end": { "line": 203, "column": 29 } },
      "203": { "start": { "line": 204, "column": 0 }, "end": { "line": 204, "column": 25 } },
      "204": { "start": { "line": 205, "column": 0 }, "end": { "line": 205, "column": 24 } },
      "205": { "start": { "line": 206, "column": 0 }, "end": { "line": 206, "column": 23 } },
      "206": { "start": { "line": 207, "column": 0 }, "end": { "line": 207, "column": 11 } },
      "207": { "start": { "line": 208, "column": 0 }, "end": { "line": 208, "column": 20 } },
      "208": { "start": { "line": 209, "column": 0 }, "end": { "line": 209, "column": 53 } },
      "209": { "start": { "line": 210, "column": 0 }, "end": { "line": 210, "column": 62 } },
      "210": { "start": { "line": 211, "column": 0 }, "end": { "line": 211, "column": 24 } },
      "211": { "start": { "line": 212, "column": 0 }, "end": { "line": 212, "column": 13 } },
      "212": { "start": { "line": 213, "column": 0 }, "end": { "line": 213, "column": 53 } },
      "213": { "start": { "line": 214, "column": 0 }, "end": { "line": 214, "column": 24 } },
      "214": { "start": { "line": 215, "column": 0 }, "end": { "line": 215, "column": 13 } },
      "215": { "start": { "line": 216, "column": 0 }, "end": { "line": 216, "column": 11 } },
      "216": { "start": { "line": 217, "column": 0 }, "end": { "line": 217, "column": 9 } },
      "218": { "start": { "line": 219, "column": 0 }, "end": { "line": 219, "column": 69 } },
      "220": { "start": { "line": 221, "column": 0 }, "end": { "line": 221, "column": 19 } },
      "221": { "start": { "line": 222, "column": 0 }, "end": { "line": 222, "column": 14 } },
      "222": { "start": { "line": 223, "column": 0 }, "end": { "line": 223, "column": 7 } },
      "224": { "start": { "line": 225, "column": 0 }, "end": { "line": 225, "column": 16 } },
      "225": { "start": { "line": 226, "column": 0 }, "end": { "line": 226, "column": 69 } },
      "226": { "start": { "line": 227, "column": 0 }, "end": { "line": 227, "column": 48 } },
      "227": { "start": { "line": 228, "column": 0 }, "end": { "line": 228, "column": 27 } },
      "228": { "start": { "line": 229, "column": 0 }, "end": { "line": 229, "column": 43 } },
      "229": { "start": { "line": 230, "column": 0 }, "end": { "line": 230, "column": 32 } },
      "230": { "start": { "line": 231, "column": 0 }, "end": { "line": 231, "column": 20 } },
      "231": { "start": { "line": 232, "column": 0 }, "end": { "line": 232, "column": 34 } },
      "232": { "start": { "line": 233, "column": 0 }, "end": { "line": 233, "column": 13 } },
      "233": { "start": { "line": 234, "column": 0 }, "end": { "line": 234, "column": 11 } },
      "235": { "start": { "line": 236, "column": 0 }, "end": { "line": 236, "column": 74 } },
      "236": { "start": { "line": 237, "column": 0 }, "end": { "line": 237, "column": 21 } },
      "237": { "start": { "line": 238, "column": 0 }, "end": { "line": 238, "column": 16 } },
      "238": { "start": { "line": 239, "column": 0 }, "end": { "line": 239, "column": 42 } },
      "239": { "start": { "line": 240, "column": 0 }, "end": { "line": 240, "column": 32 } },
      "240": { "start": { "line": 241, "column": 0 }, "end": { "line": 241, "column": 44 } },
      "241": { "start": { "line": 242, "column": 0 }, "end": { "line": 242, "column": 34 } },
      "242": { "start": { "line": 243, "column": 0 }, "end": { "line": 243, "column": 18 } },
      "243": { "start": { "line": 244, "column": 0 }, "end": { "line": 244, "column": 45 } },
      "244": { "start": { "line": 245, "column": 0 }, "end": { "line": 245, "column": 11 } },
      "246": { "start": { "line": 247, "column": 0 }, "end": { "line": 247, "column": 71 } },
      "247": { "start": { "line": 248, "column": 0 }, "end": { "line": 248, "column": 36 } },
      "248": { "start": { "line": 249, "column": 0 }, "end": { "line": 249, "column": 21 } },
      "249": { "start": { "line": 250, "column": 0 }, "end": { "line": 250, "column": 9 } },
      "251": { "start": { "line": 252, "column": 0 }, "end": { "line": 252, "column": 14 } },
      "252": { "start": { "line": 253, "column": 0 }, "end": { "line": 253, "column": 7 } },
      "253": { "start": { "line": 254, "column": 0 }, "end": { "line": 254, "column": 5 } },
      "255": { "start": { "line": 256, "column": 0 }, "end": { "line": 256, "column": 10 } },
      "256": { "start": { "line": 257, "column": 0 }, "end": { "line": 257, "column": 24 } },
      "257": { "start": { "line": 258, "column": 0 }, "end": { "line": 258, "column": 3 } },
      "259": { "start": { "line": 260, "column": 0 }, "end": { "line": 260, "column": 24 } },
      "260": { "start": { "line": 261, "column": 0 }, "end": { "line": 261, "column": 25 } },
      "261": { "start": { "line": 262, "column": 0 }, "end": { "line": 262, "column": 3 } },
      "263": { "start": { "line": 264, "column": 0 }, "end": { "line": 264, "column": 10 } },
      "264": { "start": { "line": 265, "column": 0 }, "end": { "line": 265, "column": 9 } },
      "265": { "start": { "line": 266, "column": 0 }, "end": { "line": 266, "column": 14 } },
      "266": { "start": { "line": 267, "column": 0 }, "end": { "line": 267, "column": 14 } },
      "267": { "start": { "line": 268, "column": 0 }, "end": { "line": 268, "column": 13 } },
      "268": { "start": { "line": 269, "column": 0 }, "end": { "line": 269, "column": 4 } },
      "269": { "start": { "line": 270, "column": 0 }, "end": { "line": 270, "column": 2 } }
    },
    "s": {
      "0": 0,
      "2": 0,
      "3": 0,
      "4": 0,
      "5": 0,
      "6": 0,
      "7": 0,
      "8": 0,
      "9": 0,
      "10": 0,
      "11": 0,
      "12": 0,
      "13": 0,
      "14": 0,
      "15": 0,
      "16": 0,
      "17": 0,
      "18": 0,
      "19": 0,
      "20": 0,
      "22": 0,
      "23": 0,
      "24": 0,
      "25": 0,
      "27": 0,
      "28": 0,
      "29": 0,
      "31": 0,
      "32": 0,
      "34": 0,
      "35": 0,
      "36": 0,
      "37": 0,
      "38": 0,
      "40": 0,
      "41": 0,
      "42": 0,
      "44": 0,
      "45": 0,
      "46": 0,
      "48": 0,
      "49": 0,
      "50": 0,
      "52": 0,
      "53": 0,
      "54": 0,
      "56": 0,
      "58": 0,
      "60": 0,
      "61": 0,
      "62": 0,
      "63": 0,
      "64": 0,
      "65": 0,
      "66": 0,
      "67": 0,
      "68": 0,
      "69": 0,
      "70": 0,
      "71": 0,
      "72": 0,
      "73": 0,
      "74": 0,
      "75": 0,
      "76": 0,
      "78": 0,
      "79": 0,
      "80": 0,
      "81": 0,
      "83": 0,
      "84": 0,
      "85": 0,
      "86": 0,
      "87": 0,
      "88": 0,
      "89": 0,
      "90": 0,
      "91": 0,
      "92": 0,
      "93": 0,
      "95": 0,
      "96": 0,
      "97": 0,
      "98": 0,
      "99": 0,
      "100": 0,
      "101": 0,
      "102": 0,
      "103": 0,
      "104": 0,
      "105": 0,
      "106": 0,
      "107": 0,
      "108": 0,
      "109": 0,
      "110": 0,
      "111": 0,
      "112": 0,
      "113": 0,
      "114": 0,
      "115": 0,
      "116": 0,
      "117": 0,
      "118": 0,
      "119": 0,
      "120": 0,
      "121": 0,
      "122": 0,
      "123": 0,
      "124": 0,
      "125": 0,
      "127": 0,
      "129": 0,
      "130": 0,
      "131": 0,
      "132": 0,
      "133": 0,
      "134": 0,
      "136": 0,
      "137": 0,
      "138": 0,
      "139": 0,
      "140": 0,
      "141": 0,
      "142": 0,
      "143": 0,
      "145": 0,
      "146": 0,
      "148": 0,
      "149": 0,
      "150": 0,
      "151": 0,
      "152": 0,
      "153": 0,
      "154": 0,
      "155": 0,
      "156": 0,
      "157": 0,
      "158": 0,
      "159": 0,
      "160": 0,
      "161": 0,
      "162": 0,
      "163": 0,
      "164": 0,
      "165": 0,
      "166": 0,
      "167": 0,
      "168": 0,
      "170": 0,
      "171": 0,
      "172": 0,
      "173": 0,
      "175": 0,
      "176": 0,
      "177": 0,
      "178": 0,
      "179": 0,
      "180": 0,
      "181": 0,
      "182": 0,
      "184": 0,
      "186": 0,
      "187": 0,
      "188": 0,
      "190": 0,
      "191": 0,
      "192": 0,
      "193": 0,
      "194": 0,
      "195": 0,
      "196": 0,
      "197": 0,
      "198": 0,
      "199": 0,
      "200": 0,
      "201": 0,
      "202": 0,
      "203": 0,
      "204": 0,
      "205": 0,
      "206": 0,
      "207": 0,
      "208": 0,
      "209": 0,
      "210": 0,
      "211": 0,
      "212": 0,
      "213": 0,
      "214": 0,
      "215": 0,
      "216": 0,
      "218": 0,
      "220": 0,
      "221": 0,
      "222": 0,
      "224": 0,
      "225": 0,
      "226": 0,
      "227": 0,
      "228": 0,
      "229": 0,
      "230": 0,
      "231": 0,
      "232": 0,
      "233": 0,
      "235": 0,
      "236": 0,
      "237": 0,
      "238": 0,
      "239": 0,
      "240": 0,
      "241": 0,
      "242": 0,
      "243": 0,
      "244": 0,
      "246": 0,
      "247": 0,
      "248": 0,
      "249": 0,
      "251": 0,
      "252": 0,
      "253": 0,
      "255": 0,
      "256": 0,
      "257": 0,
      "259": 0,
      "260": 0,
      "261": 0,
      "263": 0,
      "264": 0,
      "265": 0,
      "266": 0,
      "267": 0,
      "268": 0,
      "269": 0
    },
    "branchMap": {
      "0": {
        "type": "branch",
        "line": 1,
        "loc": { "start": { "line": 1, "column": 0 }, "end": { "line": 270, "column": -7 } },
        "locations": [{ "start": { "line": 1, "column": 0 }, "end": { "line": 270, "column": -7 } }]
      }
    },
    "b": { "0": [0] },
    "fnMap": {
      "0": {
        "name": "(empty-report)",
        "decl": { "start": { "line": 1, "column": 0 }, "end": { "line": 270, "column": -7 } },
        "loc": { "start": { "line": 1, "column": 0 }, "end": { "line": 270, "column": -7 } },
        "line": 1
      }
    },
    "f": { "0": 0 }
  }
}
